2014/02/27 16:06:41 [error] [exception.CHttpException.404] exception 'CHttpException' with message 'The system is unable to find the requested action "about.html".' in /var/www/framework/web/CController.php:483
Stack trace:
#0 /var/www/framework/web/CController.php(270): CController->missingAction('about.html')
#1 /var/www/framework/web/CWebApplication.php(282): CController->run('about.html')
#2 /var/www/framework/web/CWebApplication.php(141): CWebApplication->runController('site/about.html')
#3 /var/www/framework/base/CApplication.php(180): CWebApplication->processRequest()
#4 /var/www/singular/index.php(13): CApplication->run()
#5 {main}
REQUEST_URI=/singular/index.php/site/about.html
HTTP_REFERER=http://localhost/singular/index.php/site/page?view=about
---
2014/02/27 16:15:11 [error] [exception.CException] exception 'CException' with message 'Property "CMenu.CssClass" is not defined.' in /var/www/framework/base/CComponent.php:173
Stack trace:
#0 /var/www/framework/web/CWidgetFactory.php(161): CComponent->__set('CssClass', 'page')
#1 /var/www/framework/web/CBaseController.php(146): CWidgetFactory->createWidget(Object(SiteController), 'zii.widgets.CMe...', Array)
#2 /var/www/framework/web/CBaseController.php(172): CBaseController->createWidget('zii.widgets.CMe...', Array)
#3 /var/www/singular/protected/views/layouts/main.php(47): CBaseController->widget('zii.widgets.CMe...', Array)
#4 /var/www/framework/web/CBaseController.php(126): require('/var/www/singul...')
#5 /var/www/framework/web/CBaseController.php(95): CBaseController->renderInternal('/var/www/singul...', Array, true)
#6 /var/www/framework/web/CController.php(784): CBaseController->renderFile('/var/www/singul...', Array, true)
#7 /var/www/singular/protected/controllers/SiteController.php(32): CController->render('index')
#8 /var/www/framework/web/actions/CInlineAction.php(49): SiteController->actionIndex()
#9 /var/www/framework/web/CController.php(308): CInlineAction->runWithParams(Array)
#10 /var/www/framework/web/CController.php(286): CController->runAction(Object(CInlineAction))
#11 /var/www/framework/web/CController.php(265): CController->runActionWithFilters(Object(CInlineAction), Array)
#12 /var/www/framework/web/CWebApplication.php(282): CController->run('index')
#13 /var/www/framework/web/CWebApplication.php(141): CWebApplication->runController('site/index')
#14 /var/www/framework/base/CApplication.php(180): CWebApplication->processRequest()
#15 /var/www/singular/index.php(13): CApplication->run()
#16 {main}
REQUEST_URI=/singular/index.php/site/index
HTTP_REFERER=http://localhost/singular/index.php/site/index
---
2014/02/27 16:15:30 [error] [exception.CException] exception 'CException' with message 'Property "CMenu.Class" is not defined.' in /var/www/framework/base/CComponent.php:173
Stack trace:
#0 /var/www/framework/web/CWidgetFactory.php(161): CComponent->__set('Class', 'page')
#1 /var/www/framework/web/CBaseController.php(146): CWidgetFactory->createWidget(Object(SiteController), 'zii.widgets.CMe...', Array)
#2 /var/www/framework/web/CBaseController.php(172): CBaseController->createWidget('zii.widgets.CMe...', Array)
#3 /var/www/singular/protected/views/layouts/main.php(47): CBaseController->widget('zii.widgets.CMe...', Array)
#4 /var/www/framework/web/CBaseController.php(126): require('/var/www/singul...')
#5 /var/www/framework/web/CBaseController.php(95): CBaseController->renderInternal('/var/www/singul...', Array, true)
#6 /var/www/framework/web/CController.php(784): CBaseController->renderFile('/var/www/singul...', Array, true)
#7 /var/www/singular/protected/controllers/SiteController.php(32): CController->render('index')
#8 /var/www/framework/web/actions/CInlineAction.php(49): SiteController->actionIndex()
#9 /var/www/framework/web/CController.php(308): CInlineAction->runWithParams(Array)
#10 /var/www/framework/web/CController.php(286): CController->runAction(Object(CInlineAction))
#11 /var/www/framework/web/CController.php(265): CController->runActionWithFilters(Object(CInlineAction), Array)
#12 /var/www/framework/web/CWebApplication.php(282): CController->run('index')
#13 /var/www/framework/web/CWebApplication.php(141): CWebApplication->runController('site/index')
#14 /var/www/framework/base/CApplication.php(180): CWebApplication->processRequest()
#15 /var/www/singular/index.php(13): CApplication->run()
#16 {main}
REQUEST_URI=/singular/index.php/site/index
HTTP_REFERER=http://localhost/singular/index.php/site/index
---
2014/02/27 16:15:31 [error] [exception.CException] exception 'CException' with message 'Property "CMenu.Class" is not defined.' in /var/www/framework/base/CComponent.php:173
Stack trace:
#0 /var/www/framework/web/CWidgetFactory.php(161): CComponent->__set('Class', 'page')
#1 /var/www/framework/web/CBaseController.php(146): CWidgetFactory->createWidget(Object(SiteController), 'zii.widgets.CMe...', Array)
#2 /var/www/framework/web/CBaseController.php(172): CBaseController->createWidget('zii.widgets.CMe...', Array)
#3 /var/www/singular/protected/views/layouts/main.php(47): CBaseController->widget('zii.widgets.CMe...', Array)
#4 /var/www/framework/web/CBaseController.php(126): require('/var/www/singul...')
#5 /var/www/framework/web/CBaseController.php(95): CBaseController->renderInternal('/var/www/singul...', Array, true)
#6 /var/www/framework/web/CController.php(784): CBaseController->renderFile('/var/www/singul...', Array, true)
#7 /var/www/singular/protected/controllers/SiteController.php(32): CController->render('index')
#8 /var/www/framework/web/actions/CInlineAction.php(49): SiteController->actionIndex()
#9 /var/www/framework/web/CController.php(308): CInlineAction->runWithParams(Array)
#10 /var/www/framework/web/CController.php(286): CController->runAction(Object(CInlineAction))
#11 /var/www/framework/web/CController.php(265): CController->runActionWithFilters(Object(CInlineAction), Array)
#12 /var/www/framework/web/CWebApplication.php(282): CController->run('index')
#13 /var/www/framework/web/CWebApplication.php(141): CWebApplication->runController('site/index')
#14 /var/www/framework/base/CApplication.php(180): CWebApplication->processRequest()
#15 /var/www/singular/index.php(13): CApplication->run()
#16 {main}
REQUEST_URI=/singular/index.php/site/index
HTTP_REFERER=http://localhost/singular/index.php/site/index
---
2014/02/27 16:19:16 [error] [exception.CException] exception 'CException' with message 'Property "CMenu.linkOptions" is not defined.' in /var/www/framework/base/CComponent.php:173
Stack trace:
#0 /var/www/framework/web/CWidgetFactory.php(161): CComponent->__set('linkOptions', Array)
#1 /var/www/framework/web/CBaseController.php(146): CWidgetFactory->createWidget(Object(SiteController), 'zii.widgets.CMe...', Array)
#2 /var/www/framework/web/CBaseController.php(172): CBaseController->createWidget('zii.widgets.CMe...', Array)
#3 /var/www/singular/protected/views/layouts/main.php(47): CBaseController->widget('zii.widgets.CMe...', Array)
#4 /var/www/framework/web/CBaseController.php(126): require('/var/www/singul...')
#5 /var/www/framework/web/CBaseController.php(95): CBaseController->renderInternal('/var/www/singul...', Array, true)
#6 /var/www/framework/web/CController.php(784): CBaseController->renderFile('/var/www/singul...', Array, true)
#7 /var/www/framework/web/actions/CViewAction.php(140): CController->render('pages/about')
#8 /var/www/framework/web/actions/CAction.php(76): CViewAction->run()
#9 /var/www/framework/web/CController.php(308): CAction->runWithParams(Array)
#10 /var/www/framework/web/CController.php(286): CController->runAction(Object(CViewAction))
#11 /var/www/framework/web/CController.php(265): CController->runActionWithFilters(Object(CViewAction), Array)
#12 /var/www/framework/web/CWebApplication.php(282): CController->run('page')
#13 /var/www/framework/web/CWebApplication.php(141): CWebApplication->runController('site/page')
#14 /var/www/framework/base/CApplication.php(180): CWebApplication->processRequest()
#15 /var/www/singular/index.php(13): CApplication->run()
#16 {main}
REQUEST_URI=/singular/index.php/site/page?view=about&class=page
HTTP_REFERER=http://localhost/singular/index.php/site/index
---
2014/02/27 16:19:45 [error] [exception.CException] exception 'CException' with message 'Property "CMenu.linkOptions" is not defined.' in /var/www/framework/base/CComponent.php:173
Stack trace:
#0 /var/www/framework/web/CWidgetFactory.php(161): CComponent->__set('linkOptions', Array)
#1 /var/www/framework/web/CBaseController.php(146): CWidgetFactory->createWidget(Object(SiteController), 'zii.widgets.CMe...', Array)
#2 /var/www/framework/web/CBaseController.php(172): CBaseController->createWidget('zii.widgets.CMe...', Array)
#3 /var/www/singular/protected/views/layouts/main.php(47): CBaseController->widget('zii.widgets.CMe...', Array)
#4 /var/www/framework/web/CBaseController.php(126): require('/var/www/singul...')
#5 /var/www/framework/web/CBaseController.php(95): CBaseController->renderInternal('/var/www/singul...', Array, true)
#6 /var/www/framework/web/CController.php(784): CBaseController->renderFile('/var/www/singul...', Array, true)
#7 /var/www/framework/web/actions/CViewAction.php(140): CController->render('pages/about')
#8 /var/www/framework/web/actions/CAction.php(76): CViewAction->run()
#9 /var/www/framework/web/CController.php(308): CAction->runWithParams(Array)
#10 /var/www/framework/web/CController.php(286): CController->runAction(Object(CViewAction))
#11 /var/www/framework/web/CController.php(265): CController->runActionWithFilters(Object(CViewAction), Array)
#12 /var/www/framework/web/CWebApplication.php(282): CController->run('page')
#13 /var/www/framework/web/CWebApplication.php(141): CWebApplication->runController('site/page')
#14 /var/www/framework/base/CApplication.php(180): CWebApplication->processRequest()
#15 /var/www/singular/index.php(13): CApplication->run()
#16 {main}
REQUEST_URI=/singular/index.php/site/page?view=about&class=page
HTTP_REFERER=http://localhost/singular/index.php/site/index
---
2014/02/27 16:31:31 [error] [exception.CHttpException.404] exception 'CHttpException' with message 'The system is unable to find the requested action "js".' in /var/www/framework/web/CController.php:483
Stack trace:
#0 /var/www/framework/web/CController.php(270): CController->missingAction('js')
#1 /var/www/framework/web/CWebApplication.php(282): CController->run('js')
#2 /var/www/framework/web/CWebApplication.php(141): CWebApplication->runController('site/js/bootstr...')
#3 /var/www/framework/base/CApplication.php(180): CWebApplication->processRequest()
#4 /var/www/singular/index.php(13): CApplication->run()
#5 {main}
REQUEST_URI=/singular/index.php/site/js/bootstrap.js
HTTP_REFERER=http://localhost/singular/index.php/site/index
---
2014/02/27 16:31:31 [error] [exception.CHttpException.404] exception 'CHttpException' with message 'The system is unable to find the requested action "js".' in /var/www/framework/web/CController.php:483
Stack trace:
#0 /var/www/framework/web/CController.php(270): CController->missingAction('js')
#1 /var/www/framework/web/CWebApplication.php(282): CController->run('js')
#2 /var/www/framework/web/CWebApplication.php(141): CWebApplication->runController('site/js/jquery....')
#3 /var/www/framework/base/CApplication.php(180): CWebApplication->processRequest()
#4 /var/www/singular/index.php(13): CApplication->run()
#5 {main}
REQUEST_URI=/singular/index.php/site/js/jquery.adipoli.min.js
HTTP_REFERER=http://localhost/singular/index.php/site/index
---
2014/02/27 16:31:31 [error] [exception.CHttpException.404] exception 'CHttpException' with message 'The system is unable to find the requested action "js".' in /var/www/framework/web/CController.php:483
Stack trace:
#0 /var/www/framework/web/CController.php(270): CController->missingAction('js')
#1 /var/www/framework/web/CWebApplication.php(282): CController->run('js')
#2 /var/www/framework/web/CWebApplication.php(141): CWebApplication->runController('site/js/jquery....')
#3 /var/www/framework/base/CApplication.php(180): CWebApplication->processRequest()
#4 /var/www/singular/index.php(13): CApplication->run()
#5 {main}
REQUEST_URI=/singular/index.php/site/js/jquery.form.js
HTTP_REFERER=http://localhost/singular/index.php/site/index
---
2014/02/27 16:31:31 [error] [exception.CHttpException.404] exception 'CHttpException' with message 'The system is unable to find the requested action "js".' in /var/www/framework/web/CController.php:483
Stack trace:
#0 /var/www/framework/web/CController.php(270): CController->missingAction('js')
#1 /var/www/framework/web/CWebApplication.php(282): CController->run('js')
#2 /var/www/framework/web/CWebApplication.php(141): CWebApplication->runController('site/js/jquery....')
#3 /var/www/framework/base/CApplication.php(180): CWebApplication->processRequest()
#4 /var/www/singular/index.php(13): CApplication->run()
#5 {main}
REQUEST_URI=/singular/index.php/site/js/jquery.easing.1.3.js
HTTP_REFERER=http://localhost/singular/index.php/site/index
---
2014/02/27 16:31:31 [error] [exception.CHttpException.404] exception 'CHttpException' with message 'The system is unable to find the requested action "js".' in /var/www/framework/web/CController.php:483
Stack trace:
#0 /var/www/framework/web/CController.php(270): CController->missingAction('js')
#1 /var/www/framework/web/CWebApplication.php(282): CController->run('js')
#2 /var/www/framework/web/CWebApplication.php(141): CWebApplication->runController('site/js/jquery....')
#3 /var/www/framework/base/CApplication.php(180): CWebApplication->processRequest()
#4 /var/www/singular/index.php(13): CApplication->run()
#5 {main}
REQUEST_URI=/singular/index.php/site/js/jquery.flexslider-min.js
HTTP_REFERER=http://localhost/singular/index.php/site/index
---
2014/02/27 16:31:31 [error] [exception.CHttpException.404] exception 'CHttpException' with message 'The system is unable to find the requested action "js".' in /var/www/framework/web/CController.php:483
Stack trace:
#0 /var/www/framework/web/CController.php(270): CController->missingAction('js')
#1 /var/www/framework/web/CWebApplication.php(282): CController->run('js')
#2 /var/www/framework/web/CWebApplication.php(141): CWebApplication->runController('site/js/jquery....')
#3 /var/www/framework/base/CApplication.php(180): CWebApplication->processRequest()
#4 /var/www/singular/index.php(13): CApplication->run()
#5 {main}
REQUEST_URI=/singular/index.php/site/js/jquery.validate.js
HTTP_REFERER=http://localhost/singular/index.php/site/index
---
2014/02/27 16:31:31 [error] [exception.CHttpException.404] exception 'CHttpException' with message 'The system is unable to find the requested action "js".' in /var/www/framework/web/CController.php:483
Stack trace:
#0 /var/www/framework/web/CController.php(270): CController->missingAction('js')
#1 /var/www/framework/web/CWebApplication.php(282): CController->run('js')
#2 /var/www/framework/web/CWebApplication.php(141): CWebApplication->runController('site/js/jquery....')
#3 /var/www/framework/base/CApplication.php(180): CWebApplication->processRequest()
#4 /var/www/singular/index.php(13): CApplication->run()
#5 {main}
REQUEST_URI=/singular/index.php/site/js/jquery.isotope.min.js
HTTP_REFERER=http://localhost/singular/index.php/site/index
---
2014/02/27 16:31:31 [error] [exception.CHttpException.404] exception 'CHttpException' with message 'The system is unable to find the requested action "js".' in /var/www/framework/web/CController.php:483
Stack trace:
#0 /var/www/framework/web/CController.php(270): CController->missingAction('js')
#1 /var/www/framework/web/CWebApplication.php(282): CController->run('js')
#2 /var/www/framework/web/CWebApplication.php(141): CWebApplication->runController('site/js/jquery....')
#3 /var/www/framework/base/CApplication.php(180): CWebApplication->processRequest()
#4 /var/www/singular/index.php(13): CApplication->run()
#5 {main}
REQUEST_URI=/singular/index.php/site/js/jquery.fancybox-1.3.4.pack.js
HTTP_REFERER=http://localhost/singular/index.php/site/index
---
2014/02/27 16:31:32 [error] [exception.CHttpException.404] exception 'CHttpException' with message 'The system is unable to find the requested action "js".' in /var/www/framework/web/CController.php:483
Stack trace:
#0 /var/www/framework/web/CController.php(270): CController->missingAction('js')
#1 /var/www/framework/web/CWebApplication.php(282): CController->run('js')
#2 /var/www/framework/web/CWebApplication.php(141): CWebApplication->runController('site/js/custom....')
#3 /var/www/framework/base/CApplication.php(180): CWebApplication->processRequest()
#4 /var/www/singular/index.php(13): CApplication->run()
#5 {main}
REQUEST_URI=/singular/index.php/site/js/custom.js
HTTP_REFERER=http://localhost/singular/index.php/site/index
---
2014/02/27 16:31:32 [error] [exception.CHttpException.404] exception 'CHttpException' with message 'The system is unable to find the requested action "js".' in /var/www/framework/web/CController.php:483
Stack trace:
#0 /var/www/framework/web/CController.php(270): CController->missingAction('js')
#1 /var/www/framework/web/CWebApplication.php(282): CController->run('js')
#2 /var/www/framework/web/CWebApplication.php(141): CWebApplication->runController('site/js/contact...')
#3 /var/www/framework/base/CApplication.php(180): CWebApplication->processRequest()
#4 /var/www/singular/index.php(13): CApplication->run()
#5 {main}
REQUEST_URI=/singular/index.php/site/js/contact.js
HTTP_REFERER=http://localhost/singular/index.php/site/index
---
2014/02/27 16:31:33 [error] [exception.CHttpException.404] exception 'CHttpException' with message 'The system is unable to find the requested action "js".' in /var/www/framework/web/CController.php:483
Stack trace:
#0 /var/www/framework/web/CController.php(270): CController->missingAction('js')
#1 /var/www/framework/web/CWebApplication.php(282): CController->run('js')
#2 /var/www/framework/web/CWebApplication.php(141): CWebApplication->runController('site/js/jquery....')
#3 /var/www/framework/base/CApplication.php(180): CWebApplication->processRequest()
#4 /var/www/singular/index.php(13): CApplication->run()
#5 {main}
REQUEST_URI=/singular/index.php/site/js/jquery.als1.min.js
HTTP_REFERER=http://localhost/singular/index.php/site/index
---
2014/02/27 16:31:35 [error] [exception.CHttpException.404] exception 'CHttpException' with message 'The system is unable to find the requested action "js".' in /var/www/framework/web/CController.php:483
Stack trace:
#0 /var/www/framework/web/CController.php(270): CController->missingAction('js')
#1 /var/www/framework/web/CWebApplication.php(282): CController->run('js')
#2 /var/www/framework/web/CWebApplication.php(141): CWebApplication->runController('site/js/jquery....')
#3 /var/www/framework/base/CApplication.php(180): CWebApplication->processRequest()
#4 /var/www/singular/index.php(13): CApplication->run()
#5 {main}
REQUEST_URI=/singular/index.php/site/js/jquery.form.js
HTTP_REFERER=http://localhost/singular/index.php/site/index
---
2014/02/27 16:31:35 [error] [exception.CHttpException.404] exception 'CHttpException' with message 'The system is unable to find the requested action "js".' in /var/www/framework/web/CController.php:483
Stack trace:
#0 /var/www/framework/web/CController.php(270): CController->missingAction('js')
#1 /var/www/framework/web/CWebApplication.php(282): CController->run('js')
#2 /var/www/framework/web/CWebApplication.php(141): CWebApplication->runController('site/js/bootstr...')
#3 /var/www/framework/base/CApplication.php(180): CWebApplication->processRequest()
#4 /var/www/singular/index.php(13): CApplication->run()
#5 {main}
REQUEST_URI=/singular/index.php/site/js/bootstrap.js
HTTP_REFERER=http://localhost/singular/index.php/site/index
---
2014/02/27 16:31:35 [error] [exception.CHttpException.404] exception 'CHttpException' with message 'The system is unable to find the requested action "js".' in /var/www/framework/web/CController.php:483
Stack trace:
#0 /var/www/framework/web/CController.php(270): CController->missingAction('js')
#1 /var/www/framework/web/CWebApplication.php(282): CController->run('js')
#2 /var/www/framework/web/CWebApplication.php(141): CWebApplication->runController('site/js/jquery....')
#3 /var/www/framework/base/CApplication.php(180): CWebApplication->processRequest()
#4 /var/www/singular/index.php(13): CApplication->run()
#5 {main}
REQUEST_URI=/singular/index.php/site/js/jquery.flexslider-min.js
HTTP_REFERER=http://localhost/singular/index.php/site/index
---
2014/02/27 16:31:35 [error] [exception.CHttpException.404] exception 'CHttpException' with message 'The system is unable to find the requested action "js".' in /var/www/framework/web/CController.php:483
Stack trace:
#0 /var/www/framework/web/CController.php(270): CController->missingAction('js')
#1 /var/www/framework/web/CWebApplication.php(282): CController->run('js')
#2 /var/www/framework/web/CWebApplication.php(141): CWebApplication->runController('site/js/jquery....')
#3 /var/www/framework/base/CApplication.php(180): CWebApplication->processRequest()
#4 /var/www/singular/index.php(13): CApplication->run()
#5 {main}
REQUEST_URI=/singular/index.php/site/js/jquery.easing.1.3.js
HTTP_REFERER=http://localhost/singular/index.php/site/index
---
2014/02/27 16:31:35 [error] [exception.CHttpException.404] exception 'CHttpException' with message 'The system is unable to find the requested action "js".' in /var/www/framework/web/CController.php:483
Stack trace:
#0 /var/www/framework/web/CController.php(270): CController->missingAction('js')
#1 /var/www/framework/web/CWebApplication.php(282): CController->run('js')
#2 /var/www/framework/web/CWebApplication.php(141): CWebApplication->runController('site/js/jquery....')
#3 /var/www/framework/base/CApplication.php(180): CWebApplication->processRequest()
#4 /var/www/singular/index.php(13): CApplication->run()
#5 {main}
REQUEST_URI=/singular/index.php/site/js/jquery.validate.js
HTTP_REFERER=http://localhost/singular/index.php/site/index
---
2014/02/27 16:31:35 [error] [exception.CHttpException.404] exception 'CHttpException' with message 'The system is unable to find the requested action "js".' in /var/www/framework/web/CController.php:483
Stack trace:
#0 /var/www/framework/web/CController.php(270): CController->missingAction('js')
#1 /var/www/framework/web/CWebApplication.php(282): CController->run('js')
#2 /var/www/framework/web/CWebApplication.php(141): CWebApplication->runController('site/js/jquery....')
#3 /var/www/framework/base/CApplication.php(180): CWebApplication->processRequest()
#4 /var/www/singular/index.php(13): CApplication->run()
#5 {main}
REQUEST_URI=/singular/index.php/site/js/jquery.adipoli.min.js
HTTP_REFERER=http://localhost/singular/index.php/site/index
---
2014/02/27 16:31:35 [error] [exception.CHttpException.404] exception 'CHttpException' with message 'The system is unable to find the requested action "js".' in /var/www/framework/web/CController.php:483
Stack trace:
#0 /var/www/framework/web/CController.php(270): CController->missingAction('js')
#1 /var/www/framework/web/CWebApplication.php(282): CController->run('js')
#2 /var/www/framework/web/CWebApplication.php(141): CWebApplication->runController('site/js/jquery....')
#3 /var/www/framework/base/CApplication.php(180): CWebApplication->processRequest()
#4 /var/www/singular/index.php(13): CApplication->run()
#5 {main}
REQUEST_URI=/singular/index.php/site/js/jquery.fancybox-1.3.4.pack.js
HTTP_REFERER=http://localhost/singular/index.php/site/index
---
2014/02/27 16:31:36 [error] [exception.CHttpException.404] exception 'CHttpException' with message 'The system is unable to find the requested action "js".' in /var/www/framework/web/CController.php:483
Stack trace:
#0 /var/www/framework/web/CController.php(270): CController->missingAction('js')
#1 /var/www/framework/web/CWebApplication.php(282): CController->run('js')
#2 /var/www/framework/web/CWebApplication.php(141): CWebApplication->runController('site/js/contact...')
#3 /var/www/framework/base/CApplication.php(180): CWebApplication->processRequest()
#4 /var/www/singular/index.php(13): CApplication->run()
#5 {main}
REQUEST_URI=/singular/index.php/site/js/contact.js
HTTP_REFERER=http://localhost/singular/index.php/site/index
---
2014/02/27 16:31:36 [error] [exception.CHttpException.404] exception 'CHttpException' with message 'The system is unable to find the requested action "js".' in /var/www/framework/web/CController.php:483
Stack trace:
#0 /var/www/framework/web/CController.php(270): CController->missingAction('js')
#1 /var/www/framework/web/CWebApplication.php(282): CController->run('js')
#2 /var/www/framework/web/CWebApplication.php(141): CWebApplication->runController('site/js/jquery....')
#3 /var/www/framework/base/CApplication.php(180): CWebApplication->processRequest()
#4 /var/www/singular/index.php(13): CApplication->run()
#5 {main}
REQUEST_URI=/singular/index.php/site/js/jquery.isotope.min.js
HTTP_REFERER=http://localhost/singular/index.php/site/index
---
2014/02/27 16:31:36 [error] [exception.CHttpException.404] exception 'CHttpException' with message 'The system is unable to find the requested action "js".' in /var/www/framework/web/CController.php:483
Stack trace:
#0 /var/www/framework/web/CController.php(270): CController->missingAction('js')
#1 /var/www/framework/web/CWebApplication.php(282): CController->run('js')
#2 /var/www/framework/web/CWebApplication.php(141): CWebApplication->runController('site/js/custom....')
#3 /var/www/framework/base/CApplication.php(180): CWebApplication->processRequest()
#4 /var/www/singular/index.php(13): CApplication->run()
#5 {main}
REQUEST_URI=/singular/index.php/site/js/custom.js
HTTP_REFERER=http://localhost/singular/index.php/site/index
---
2014/02/27 16:31:36 [error] [exception.CHttpException.404] exception 'CHttpException' with message 'The system is unable to find the requested action "js".' in /var/www/framework/web/CController.php:483
Stack trace:
#0 /var/www/framework/web/CController.php(270): CController->missingAction('js')
#1 /var/www/framework/web/CWebApplication.php(282): CController->run('js')
#2 /var/www/framework/web/CWebApplication.php(141): CWebApplication->runController('site/js/jquery....')
#3 /var/www/framework/base/CApplication.php(180): CWebApplication->processRequest()
#4 /var/www/singular/index.php(13): CApplication->run()
#5 {main}
REQUEST_URI=/singular/index.php/site/js/jquery.als1.min.js
HTTP_REFERER=http://localhost/singular/index.php/site/index
---
2014/02/27 16:33:16 [error] [exception.CHttpException.404] exception 'CHttpException' with message 'The system is unable to find the requested action "js".' in /var/www/framework/web/CController.php:483
Stack trace:
#0 /var/www/framework/web/CController.php(270): CController->missingAction('js')
#1 /var/www/framework/web/CWebApplication.php(282): CController->run('js')
#2 /var/www/framework/web/CWebApplication.php(141): CWebApplication->runController('site/js/bootstr...')
#3 /var/www/framework/base/CApplication.php(180): CWebApplication->processRequest()
#4 /var/www/singular/index.php(13): CApplication->run()
#5 {main}
REQUEST_URI=/singular/index.php/site/js/bootstrap.js
HTTP_REFERER=http://localhost/singular/index.php/site/index
---
2014/02/27 16:33:16 [error] [exception.CHttpException.404] exception 'CHttpException' with message 'The system is unable to find the requested action "js".' in /var/www/framework/web/CController.php:483
Stack trace:
#0 /var/www/framework/web/CController.php(270): CController->missingAction('js')
#1 /var/www/framework/web/CWebApplication.php(282): CController->run('js')
#2 /var/www/framework/web/CWebApplication.php(141): CWebApplication->runController('site/js/jquery....')
#3 /var/www/framework/base/CApplication.php(180): CWebApplication->processRequest()
#4 /var/www/singular/index.php(13): CApplication->run()
#5 {main}
REQUEST_URI=/singular/index.php/site/js/jquery.flexslider-min.js
HTTP_REFERER=http://localhost/singular/index.php/site/index
---
2014/02/27 16:33:16 [error] [exception.CHttpException.404] exception 'CHttpException' with message 'The system is unable to find the requested action "js".' in /var/www/framework/web/CController.php:483
Stack trace:
#0 /var/www/framework/web/CController.php(270): CController->missingAction('js')
#1 /var/www/framework/web/CWebApplication.php(282): CController->run('js')
#2 /var/www/framework/web/CWebApplication.php(141): CWebApplication->runController('site/js/jquery....')
#3 /var/www/framework/base/CApplication.php(180): CWebApplication->processRequest()
#4 /var/www/singular/index.php(13): CApplication->run()
#5 {main}
REQUEST_URI=/singular/index.php/site/js/jquery.adipoli.min.js
HTTP_REFERER=http://localhost/singular/index.php/site/index
---
2014/02/27 16:33:16 [error] [exception.CHttpException.404] exception 'CHttpException' with message 'The system is unable to find the requested action "js".' in /var/www/framework/web/CController.php:483
Stack trace:
#0 /var/www/framework/web/CController.php(270): CController->missingAction('js')
#1 /var/www/framework/web/CWebApplication.php(282): CController->run('js')
#2 /var/www/framework/web/CWebApplication.php(141): CWebApplication->runController('site/js/jquery....')
#3 /var/www/framework/base/CApplication.php(180): CWebApplication->processRequest()
#4 /var/www/singular/index.php(13): CApplication->run()
#5 {main}
REQUEST_URI=/singular/index.php/site/js/jquery.easing.1.3.js
HTTP_REFERER=http://localhost/singular/index.php/site/index
---
2014/02/27 16:33:16 [error] [exception.CHttpException.404] exception 'CHttpException' with message 'The system is unable to find the requested action "js".' in /var/www/framework/web/CController.php:483
Stack trace:
#0 /var/www/framework/web/CController.php(270): CController->missingAction('js')
#1 /var/www/framework/web/CWebApplication.php(282): CController->run('js')
#2 /var/www/framework/web/CWebApplication.php(141): CWebApplication->runController('site/js/jquery....')
#3 /var/www/framework/base/CApplication.php(180): CWebApplication->processRequest()
#4 /var/www/singular/index.php(13): CApplication->run()
#5 {main}
REQUEST_URI=/singular/index.php/site/js/jquery.validate.js
HTTP_REFERER=http://localhost/singular/index.php/site/index
---
2014/02/27 16:33:16 [error] [exception.CHttpException.404] exception 'CHttpException' with message 'The system is unable to find the requested action "js".' in /var/www/framework/web/CController.php:483
Stack trace:
#0 /var/www/framework/web/CController.php(270): CController->missingAction('js')
#1 /var/www/framework/web/CWebApplication.php(282): CController->run('js')
#2 /var/www/framework/web/CWebApplication.php(141): CWebApplication->runController('site/js/jquery....')
#3 /var/www/framework/base/CApplication.php(180): CWebApplication->processRequest()
#4 /var/www/singular/index.php(13): CApplication->run()
#5 {main}
REQUEST_URI=/singular/index.php/site/js/jquery.form.js
HTTP_REFERER=http://localhost/singular/index.php/site/index
---
2014/02/27 16:33:16 [error] [exception.CHttpException.404] exception 'CHttpException' with message 'The system is unable to find the requested action "js".' in /var/www/framework/web/CController.php:483
Stack trace:
#0 /var/www/framework/web/CController.php(270): CController->missingAction('js')
#1 /var/www/framework/web/CWebApplication.php(282): CController->run('js')
#2 /var/www/framework/web/CWebApplication.php(141): CWebApplication->runController('site/js/jquery....')
#3 /var/www/framework/base/CApplication.php(180): CWebApplication->processRequest()
#4 /var/www/singular/index.php(13): CApplication->run()
#5 {main}
REQUEST_URI=/singular/index.php/site/js/jquery.fancybox-1.3.4.pack.js
HTTP_REFERER=http://localhost/singular/index.php/site/index
---
2014/02/27 16:33:16 [error] [exception.CHttpException.404] exception 'CHttpException' with message 'The system is unable to find the requested action "js".' in /var/www/framework/web/CController.php:483
Stack trace:
#0 /var/www/framework/web/CController.php(270): CController->missingAction('js')
#1 /var/www/framework/web/CWebApplication.php(282): CController->run('js')
#2 /var/www/framework/web/CWebApplication.php(141): CWebApplication->runController('site/js/jquery....')
#3 /var/www/framework/base/CApplication.php(180): CWebApplication->processRequest()
#4 /var/www/singular/index.php(13): CApplication->run()
#5 {main}
REQUEST_URI=/singular/index.php/site/js/jquery.isotope.min.js
HTTP_REFERER=http://localhost/singular/index.php/site/index
---
2014/02/27 16:33:16 [error] [exception.CHttpException.404] exception 'CHttpException' with message 'The system is unable to find the requested action "js".' in /var/www/framework/web/CController.php:483
Stack trace:
#0 /var/www/framework/web/CController.php(270): CController->missingAction('js')
#1 /var/www/framework/web/CWebApplication.php(282): CController->run('js')
#2 /var/www/framework/web/CWebApplication.php(141): CWebApplication->runController('site/js/custom....')
#3 /var/www/framework/base/CApplication.php(180): CWebApplication->processRequest()
#4 /var/www/singular/index.php(13): CApplication->run()
#5 {main}
REQUEST_URI=/singular/index.php/site/js/custom.js
HTTP_REFERER=http://localhost/singular/index.php/site/index
---
2014/02/27 16:33:16 [error] [exception.CHttpException.404] exception 'CHttpException' with message 'The system is unable to find the requested action "js".' in /var/www/framework/web/CController.php:483
Stack trace:
#0 /var/www/framework/web/CController.php(270): CController->missingAction('js')
#1 /var/www/framework/web/CWebApplication.php(282): CController->run('js')
#2 /var/www/framework/web/CWebApplication.php(141): CWebApplication->runController('site/js/contact...')
#3 /var/www/framework/base/CApplication.php(180): CWebApplication->processRequest()
#4 /var/www/singular/index.php(13): CApplication->run()
#5 {main}
REQUEST_URI=/singular/index.php/site/js/contact.js
HTTP_REFERER=http://localhost/singular/index.php/site/index
---
2014/02/27 16:33:16 [error] [exception.CHttpException.404] exception 'CHttpException' with message 'The system is unable to find the requested action "js".' in /var/www/framework/web/CController.php:483
Stack trace:
#0 /var/www/framework/web/CController.php(270): CController->missingAction('js')
#1 /var/www/framework/web/CWebApplication.php(282): CController->run('js')
#2 /var/www/framework/web/CWebApplication.php(141): CWebApplication->runController('site/js/jquery....')
#3 /var/www/framework/base/CApplication.php(180): CWebApplication->processRequest()
#4 /var/www/singular/index.php(13): CApplication->run()
#5 {main}
REQUEST_URI=/singular/index.php/site/js/jquery.als1.min.js
HTTP_REFERER=http://localhost/singular/index.php/site/index
---
2014/02/27 16:40:39 [error] [exception.CHttpException.404] exception 'CHttpException' with message 'The system is unable to find the requested action "img".' in /var/www/framework/web/CController.php:483
Stack trace:
#0 /var/www/framework/web/CController.php(270): CController->missingAction('img')
#1 /var/www/framework/web/CWebApplication.php(282): CController->run('img')
#2 /var/www/framework/web/CWebApplication.php(141): CWebApplication->runController('site/img/slider...')
#3 /var/www/framework/base/CApplication.php(180): CWebApplication->processRequest()
#4 /var/www/singular/index.php(13): CApplication->run()
#5 {main}
REQUEST_URI=/singular/index.php/site/img/slider/slide1.jpg
HTTP_REFERER=http://localhost/singular/index.php/site/index
---
2014/02/27 16:40:39 [error] [exception.CHttpException.404] exception 'CHttpException' with message 'The system is unable to find the requested action "img".' in /var/www/framework/web/CController.php:483
Stack trace:
#0 /var/www/framework/web/CController.php(270): CController->missingAction('img')
#1 /var/www/framework/web/CWebApplication.php(282): CController->run('img')
#2 /var/www/framework/web/CWebApplication.php(141): CWebApplication->runController('site/img/slider...')
#3 /var/www/framework/base/CApplication.php(180): CWebApplication->processRequest()
#4 /var/www/singular/index.php(13): CApplication->run()
#5 {main}
REQUEST_URI=/singular/index.php/site/img/slider/slide2.jpg
HTTP_REFERER=http://localhost/singular/index.php/site/index
---
2014/02/27 16:40:39 [error] [exception.CHttpException.404] exception 'CHttpException' with message 'The system is unable to find the requested action "img".' in /var/www/framework/web/CController.php:483
Stack trace:
#0 /var/www/framework/web/CController.php(270): CController->missingAction('img')
#1 /var/www/framework/web/CWebApplication.php(282): CController->run('img')
#2 /var/www/framework/web/CWebApplication.php(141): CWebApplication->runController('site/img/slider...')
#3 /var/www/framework/base/CApplication.php(180): CWebApplication->processRequest()
#4 /var/www/singular/index.php(13): CApplication->run()
#5 {main}
REQUEST_URI=/singular/index.php/site/img/slider/slide3.jpg
HTTP_REFERER=http://localhost/singular/index.php/site/index
---
2014/02/27 16:40:39 [error] [exception.CHttpException.404] exception 'CHttpException' with message 'The system is unable to find the requested action "img".' in /var/www/framework/web/CController.php:483
Stack trace:
#0 /var/www/framework/web/CController.php(270): CController->missingAction('img')
#1 /var/www/framework/web/CWebApplication.php(282): CController->run('img')
#2 /var/www/framework/web/CWebApplication.php(141): CWebApplication->runController('site/img/icons/...')
#3 /var/www/framework/base/CApplication.php(180): CWebApplication->processRequest()
#4 /var/www/singular/index.php(13): CApplication->run()
#5 {main}
REQUEST_URI=/singular/index.php/site/img/icons/webdesign.png
HTTP_REFERER=http://localhost/singular/index.php/site/index
---
2014/02/27 16:40:39 [error] [exception.CHttpException.404] exception 'CHttpException' with message 'The system is unable to find the requested action "img".' in /var/www/framework/web/CController.php:483
Stack trace:
#0 /var/www/framework/web/CController.php(270): CController->missingAction('img')
#1 /var/www/framework/web/CWebApplication.php(282): CController->run('img')
#2 /var/www/framework/web/CWebApplication.php(141): CWebApplication->runController('site/img/arrow-...')
#3 /var/www/framework/base/CApplication.php(180): CWebApplication->processRequest()
#4 /var/www/singular/index.php(13): CApplication->run()
#5 {main}
REQUEST_URI=/singular/index.php/site/img/arrow-left.png
HTTP_REFERER=http://localhost/singular/index.php/site/index
---
2014/02/27 16:40:39 [error] [exception.CHttpException.404] exception 'CHttpException' with message 'The system is unable to find the requested action "img".' in /var/www/framework/web/CController.php:483
Stack trace:
#0 /var/www/framework/web/CController.php(270): CController->missingAction('img')
#1 /var/www/framework/web/CWebApplication.php(282): CController->run('img')
#2 /var/www/framework/web/CWebApplication.php(141): CWebApplication->runController('site/img/icons/...')
#3 /var/www/framework/base/CApplication.php(180): CWebApplication->processRequest()
#4 /var/www/singular/index.php(13): CApplication->run()
#5 {main}
REQUEST_URI=/singular/index.php/site/img/icons/wordpress.png
HTTP_REFERER=http://localhost/singular/index.php/site/index
---
2014/02/27 16:40:39 [error] [exception.CHttpException.404] exception 'CHttpException' with message 'The system is unable to find the requested action "img".' in /var/www/framework/web/CController.php:483
Stack trace:
#0 /var/www/framework/web/CController.php(270): CController->missingAction('img')
#1 /var/www/framework/web/CWebApplication.php(282): CController->run('img')
#2 /var/www/framework/web/CWebApplication.php(141): CWebApplication->runController('site/img/icons/...')
#3 /var/www/framework/base/CApplication.php(180): CWebApplication->processRequest()
#4 /var/www/singular/index.php(13): CApplication->run()
#5 {main}
REQUEST_URI=/singular/index.php/site/img/icons/strategy.png
HTTP_REFERER=http://localhost/singular/index.php/site/index
---
2014/02/27 16:40:39 [error] [exception.CHttpException.404] exception 'CHttpException' with message 'The system is unable to find the requested action "img".' in /var/www/framework/web/CController.php:483
Stack trace:
#0 /var/www/framework/web/CController.php(270): CController->missingAction('img')
#1 /var/www/framework/web/CWebApplication.php(282): CController->run('img')
#2 /var/www/framework/web/CWebApplication.php(141): CWebApplication->runController('site/img/icons/...')
#3 /var/www/framework/base/CApplication.php(180): CWebApplication->processRequest()
#4 /var/www/singular/index.php(13): CApplication->run()
#5 {main}
REQUEST_URI=/singular/index.php/site/img/icons/branding.png
HTTP_REFERER=http://localhost/singular/index.php/site/index
---
2014/02/27 16:40:40 [error] [exception.CHttpException.404] exception 'CHttpException' with message 'The system is unable to find the requested action "img".' in /var/www/framework/web/CController.php:483
Stack trace:
#0 /var/www/framework/web/CController.php(270): CController->missingAction('img')
#1 /var/www/framework/web/CWebApplication.php(282): CController->run('img')
#2 /var/www/framework/web/CWebApplication.php(141): CWebApplication->runController('site/img/arrow-...')
#3 /var/www/framework/base/CApplication.php(180): CWebApplication->processRequest()
#4 /var/www/singular/index.php(13): CApplication->run()
#5 {main}
REQUEST_URI=/singular/index.php/site/img/arrow-right.png
HTTP_REFERER=http://localhost/singular/index.php/site/index
---
2014/02/27 16:40:40 [error] [exception.CHttpException.404] exception 'CHttpException' with message 'The system is unable to find the requested action "img".' in /var/www/framework/web/CController.php:483
Stack trace:
#0 /var/www/framework/web/CController.php(270): CController->missingAction('img')
#1 /var/www/framework/web/CWebApplication.php(282): CController->run('img')
#2 /var/www/framework/web/CWebApplication.php(141): CWebApplication->runController('site/img/portfo...')
#3 /var/www/framework/base/CApplication.php(180): CWebApplication->processRequest()
#4 /var/www/singular/index.php(13): CApplication->run()
#5 {main}
REQUEST_URI=/singular/index.php/site/img/portfolio/4-thumb.jpg
HTTP_REFERER=http://localhost/singular/index.php/site/index
---
2014/02/27 16:40:40 [error] [exception.CHttpException.404] exception 'CHttpException' with message 'The system is unable to find the requested action "img".' in /var/www/framework/web/CController.php:483
Stack trace:
#0 /var/www/framework/web/CController.php(270): CController->missingAction('img')
#1 /var/www/framework/web/CWebApplication.php(282): CController->run('img')
#2 /var/www/framework/web/CWebApplication.php(141): CWebApplication->runController('site/img/portfo...')
#3 /var/www/framework/base/CApplication.php(180): CWebApplication->processRequest()
#4 /var/www/singular/index.php(13): CApplication->run()
#5 {main}
REQUEST_URI=/singular/index.php/site/img/portfolio/5-thumb.jpg
HTTP_REFERER=http://localhost/singular/index.php/site/index
---
2014/02/27 16:40:40 [error] [exception.CHttpException.404] exception 'CHttpException' with message 'The system is unable to find the requested action "img".' in /var/www/framework/web/CController.php:483
Stack trace:
#0 /var/www/framework/web/CController.php(270): CController->missingAction('img')
#1 /var/www/framework/web/CWebApplication.php(282): CController->run('img')
#2 /var/www/framework/web/CWebApplication.php(141): CWebApplication->runController('site/img/portfo...')
#3 /var/www/framework/base/CApplication.php(180): CWebApplication->processRequest()
#4 /var/www/singular/index.php(13): CApplication->run()
#5 {main}
REQUEST_URI=/singular/index.php/site/img/portfolio/8-thumb.jpg
HTTP_REFERER=http://localhost/singular/index.php/site/index
---
2014/02/27 16:40:40 [error] [exception.CHttpException.404] exception 'CHttpException' with message 'The system is unable to find the requested action "img".' in /var/www/framework/web/CController.php:483
Stack trace:
#0 /var/www/framework/web/CController.php(270): CController->missingAction('img')
#1 /var/www/framework/web/CWebApplication.php(282): CController->run('img')
#2 /var/www/framework/web/CWebApplication.php(141): CWebApplication->runController('site/img/portfo...')
#3 /var/www/framework/base/CApplication.php(180): CWebApplication->processRequest()
#4 /var/www/singular/index.php(13): CApplication->run()
#5 {main}
REQUEST_URI=/singular/index.php/site/img/portfolio/6-thumb.jpg
HTTP_REFERER=http://localhost/singular/index.php/site/index
---
2014/02/27 16:40:40 [error] [exception.CHttpException.404] exception 'CHttpException' with message 'The system is unable to find the requested action "img".' in /var/www/framework/web/CController.php:483
Stack trace:
#0 /var/www/framework/web/CController.php(270): CController->missingAction('img')
#1 /var/www/framework/web/CWebApplication.php(282): CController->run('img')
#2 /var/www/framework/web/CWebApplication.php(141): CWebApplication->runController('site/img/portfo...')
#3 /var/www/framework/base/CApplication.php(180): CWebApplication->processRequest()
#4 /var/www/singular/index.php(13): CApplication->run()
#5 {main}
REQUEST_URI=/singular/index.php/site/img/portfolio/7-thumb.jpg
HTTP_REFERER=http://localhost/singular/index.php/site/index
---
2014/02/27 16:40:40 [error] [exception.CHttpException.404] exception 'CHttpException' with message 'The system is unable to find the requested action "img".' in /var/www/framework/web/CController.php:483
Stack trace:
#0 /var/www/framework/web/CController.php(270): CController->missingAction('img')
#1 /var/www/framework/web/CWebApplication.php(282): CController->run('img')
#2 /var/www/framework/web/CWebApplication.php(141): CWebApplication->runController('site/img/client...')
#3 /var/www/framework/base/CApplication.php(180): CWebApplication->processRequest()
#4 /var/www/singular/index.php(13): CApplication->run()
#5 {main}
REQUEST_URI=/singular/index.php/site/img/clients/logo1.jpg
HTTP_REFERER=http://localhost/singular/index.php/site/index
---
2014/02/27 16:40:40 [error] [exception.CHttpException.404] exception 'CHttpException' with message 'The system is unable to find the requested action "img".' in /var/www/framework/web/CController.php:483
Stack trace:
#0 /var/www/framework/web/CController.php(270): CController->missingAction('img')
#1 /var/www/framework/web/CWebApplication.php(282): CController->run('img')
#2 /var/www/framework/web/CWebApplication.php(141): CWebApplication->runController('site/img/client...')
#3 /var/www/framework/base/CApplication.php(180): CWebApplication->processRequest()
#4 /var/www/singular/index.php(13): CApplication->run()
#5 {main}
REQUEST_URI=/singular/index.php/site/img/clients/logo2.jpg
HTTP_REFERER=http://localhost/singular/index.php/site/index
---
2014/02/27 16:40:40 [error] [exception.CHttpException.404] exception 'CHttpException' with message 'The system is unable to find the requested action "img".' in /var/www/framework/web/CController.php:483
Stack trace:
#0 /var/www/framework/web/CController.php(270): CController->missingAction('img')
#1 /var/www/framework/web/CWebApplication.php(282): CController->run('img')
#2 /var/www/framework/web/CWebApplication.php(141): CWebApplication->runController('site/img/client...')
#3 /var/www/framework/base/CApplication.php(180): CWebApplication->processRequest()
#4 /var/www/singular/index.php(13): CApplication->run()
#5 {main}
REQUEST_URI=/singular/index.php/site/img/clients/logo3.jpg
HTTP_REFERER=http://localhost/singular/index.php/site/index
---
2014/02/27 16:40:40 [error] [exception.CHttpException.404] exception 'CHttpException' with message 'The system is unable to find the requested action "img".' in /var/www/framework/web/CController.php:483
Stack trace:
#0 /var/www/framework/web/CController.php(270): CController->missingAction('img')
#1 /var/www/framework/web/CWebApplication.php(282): CController->run('img')
#2 /var/www/framework/web/CWebApplication.php(141): CWebApplication->runController('site/img/client...')
#3 /var/www/framework/base/CApplication.php(180): CWebApplication->processRequest()
#4 /var/www/singular/index.php(13): CApplication->run()
#5 {main}
REQUEST_URI=/singular/index.php/site/img/clients/logo4.jpg
HTTP_REFERER=http://localhost/singular/index.php/site/index
---
2014/02/27 16:40:40 [error] [exception.CHttpException.404] exception 'CHttpException' with message 'The system is unable to find the requested action "img".' in /var/www/framework/web/CController.php:483
Stack trace:
#0 /var/www/framework/web/CController.php(270): CController->missingAction('img')
#1 /var/www/framework/web/CWebApplication.php(282): CController->run('img')
#2 /var/www/framework/web/CWebApplication.php(141): CWebApplication->runController('site/img/portfo...')
#3 /var/www/framework/base/CApplication.php(180): CWebApplication->processRequest()
#4 /var/www/singular/index.php(13): CApplication->run()
#5 {main}
REQUEST_URI=/singular/index.php/site/img/portfolio/1-thumb.jpg
HTTP_REFERER=http://localhost/singular/index.php/site/index
---
2014/02/27 16:40:40 [error] [exception.CHttpException.404] exception 'CHttpException' with message 'The system is unable to find the requested action "img".' in /var/www/framework/web/CController.php:483
Stack trace:
#0 /var/www/framework/web/CController.php(270): CController->missingAction('img')
#1 /var/www/framework/web/CWebApplication.php(282): CController->run('img')
#2 /var/www/framework/web/CWebApplication.php(141): CWebApplication->runController('site/img/portfo...')
#3 /var/www/framework/base/CApplication.php(180): CWebApplication->processRequest()
#4 /var/www/singular/index.php(13): CApplication->run()
#5 {main}
REQUEST_URI=/singular/index.php/site/img/portfolio/2-thumb.jpg
HTTP_REFERER=http://localhost/singular/index.php/site/index
---
2014/02/27 16:40:40 [error] [exception.CHttpException.404] exception 'CHttpException' with message 'The system is unable to find the requested action "img".' in /var/www/framework/web/CController.php:483
Stack trace:
#0 /var/www/framework/web/CController.php(270): CController->missingAction('img')
#1 /var/www/framework/web/CWebApplication.php(282): CController->run('img')
#2 /var/www/framework/web/CWebApplication.php(141): CWebApplication->runController('site/img/portfo...')
#3 /var/www/framework/base/CApplication.php(180): CWebApplication->processRequest()
#4 /var/www/singular/index.php(13): CApplication->run()
#5 {main}
REQUEST_URI=/singular/index.php/site/img/portfolio/3-thumb.jpg
HTTP_REFERER=http://localhost/singular/index.php/site/index
---
2014/02/27 16:41:08 [error] [exception.CHttpException.404] exception 'CHttpException' with message 'The system is unable to find the requested action "img".' in /var/www/framework/web/CController.php:483
Stack trace:
#0 /var/www/framework/web/CController.php(270): CController->missingAction('img')
#1 /var/www/framework/web/CWebApplication.php(282): CController->run('img')
#2 /var/www/framework/web/CWebApplication.php(141): CWebApplication->runController('site/img/slider...')
#3 /var/www/framework/base/CApplication.php(180): CWebApplication->processRequest()
#4 /var/www/singular/index.php(13): CApplication->run()
#5 {main}
REQUEST_URI=/singular/index.php/site/img/slider/slide1.jpg
HTTP_REFERER=http://localhost/singular/index.php/site/index
---
2014/02/27 16:41:08 [error] [exception.CHttpException.404] exception 'CHttpException' with message 'The system is unable to find the requested action "img".' in /var/www/framework/web/CController.php:483
Stack trace:
#0 /var/www/framework/web/CController.php(270): CController->missingAction('img')
#1 /var/www/framework/web/CWebApplication.php(282): CController->run('img')
#2 /var/www/framework/web/CWebApplication.php(141): CWebApplication->runController('site/img/slider...')
#3 /var/www/framework/base/CApplication.php(180): CWebApplication->processRequest()
#4 /var/www/singular/index.php(13): CApplication->run()
#5 {main}
REQUEST_URI=/singular/index.php/site/img/slider/slide2.jpg
HTTP_REFERER=http://localhost/singular/index.php/site/index
---
2014/02/27 16:41:08 [error] [exception.CHttpException.404] exception 'CHttpException' with message 'The system is unable to find the requested action "img".' in /var/www/framework/web/CController.php:483
Stack trace:
#0 /var/www/framework/web/CController.php(270): CController->missingAction('img')
#1 /var/www/framework/web/CWebApplication.php(282): CController->run('img')
#2 /var/www/framework/web/CWebApplication.php(141): CWebApplication->runController('site/img/slider...')
#3 /var/www/framework/base/CApplication.php(180): CWebApplication->processRequest()
#4 /var/www/singular/index.php(13): CApplication->run()
#5 {main}
REQUEST_URI=/singular/index.php/site/img/slider/slide3.jpg
HTTP_REFERER=http://localhost/singular/index.php/site/index
---
2014/02/27 16:41:08 [error] [exception.CHttpException.404] exception 'CHttpException' with message 'The system is unable to find the requested action "img".' in /var/www/framework/web/CController.php:483
Stack trace:
#0 /var/www/framework/web/CController.php(270): CController->missingAction('img')
#1 /var/www/framework/web/CWebApplication.php(282): CController->run('img')
#2 /var/www/framework/web/CWebApplication.php(141): CWebApplication->runController('site/img/icons/...')
#3 /var/www/framework/base/CApplication.php(180): CWebApplication->processRequest()
#4 /var/www/singular/index.php(13): CApplication->run()
#5 {main}
REQUEST_URI=/singular/index.php/site/img/icons/branding.png
HTTP_REFERER=http://localhost/singular/index.php/site/index
---
2014/02/27 16:41:08 [error] [exception.CHttpException.404] exception 'CHttpException' with message 'The system is unable to find the requested action "img".' in /var/www/framework/web/CController.php:483
Stack trace:
#0 /var/www/framework/web/CController.php(270): CController->missingAction('img')
#1 /var/www/framework/web/CWebApplication.php(282): CController->run('img')
#2 /var/www/framework/web/CWebApplication.php(141): CWebApplication->runController('site/img/icons/...')
#3 /var/www/framework/base/CApplication.php(180): CWebApplication->processRequest()
#4 /var/www/singular/index.php(13): CApplication->run()
#5 {main}
REQUEST_URI=/singular/index.php/site/img/icons/webdesign.png
HTTP_REFERER=http://localhost/singular/index.php/site/index
---
2014/02/27 16:41:08 [error] [exception.CHttpException.404] exception 'CHttpException' with message 'The system is unable to find the requested action "img".' in /var/www/framework/web/CController.php:483
Stack trace:
#0 /var/www/framework/web/CController.php(270): CController->missingAction('img')
#1 /var/www/framework/web/CWebApplication.php(282): CController->run('img')
#2 /var/www/framework/web/CWebApplication.php(141): CWebApplication->runController('site/img/icons/...')
#3 /var/www/framework/base/CApplication.php(180): CWebApplication->processRequest()
#4 /var/www/singular/index.php(13): CApplication->run()
#5 {main}
REQUEST_URI=/singular/index.php/site/img/icons/wordpress.png
HTTP_REFERER=http://localhost/singular/index.php/site/index
---
2014/02/27 16:41:08 [error] [exception.CHttpException.404] exception 'CHttpException' with message 'The system is unable to find the requested action "img".' in /var/www/framework/web/CController.php:483
Stack trace:
#0 /var/www/framework/web/CController.php(270): CController->missingAction('img')
#1 /var/www/framework/web/CWebApplication.php(282): CController->run('img')
#2 /var/www/framework/web/CWebApplication.php(141): CWebApplication->runController('site/img/arrow-...')
#3 /var/www/framework/base/CApplication.php(180): CWebApplication->processRequest()
#4 /var/www/singular/index.php(13): CApplication->run()
#5 {main}
REQUEST_URI=/singular/index.php/site/img/arrow-left.png
HTTP_REFERER=http://localhost/singular/index.php/site/index
---
2014/02/27 16:41:08 [error] [exception.CHttpException.404] exception 'CHttpException' with message 'The system is unable to find the requested action "img".' in /var/www/framework/web/CController.php:483
Stack trace:
#0 /var/www/framework/web/CController.php(270): CController->missingAction('img')
#1 /var/www/framework/web/CWebApplication.php(282): CController->run('img')
#2 /var/www/framework/web/CWebApplication.php(141): CWebApplication->runController('site/img/icons/...')
#3 /var/www/framework/base/CApplication.php(180): CWebApplication->processRequest()
#4 /var/www/singular/index.php(13): CApplication->run()
#5 {main}
REQUEST_URI=/singular/index.php/site/img/icons/strategy.png
HTTP_REFERER=http://localhost/singular/index.php/site/index
---
2014/02/27 16:41:08 [error] [exception.CHttpException.404] exception 'CHttpException' with message 'The system is unable to find the requested action "img".' in /var/www/framework/web/CController.php:483
Stack trace:
#0 /var/www/framework/web/CController.php(270): CController->missingAction('img')
#1 /var/www/framework/web/CWebApplication.php(282): CController->run('img')
#2 /var/www/framework/web/CWebApplication.php(141): CWebApplication->runController('site/img/arrow-...')
#3 /var/www/framework/base/CApplication.php(180): CWebApplication->processRequest()
#4 /var/www/singular/index.php(13): CApplication->run()
#5 {main}
REQUEST_URI=/singular/index.php/site/img/arrow-right.png
HTTP_REFERER=http://localhost/singular/index.php/site/index
---
2014/02/27 16:41:08 [error] [exception.CHttpException.404] exception 'CHttpException' with message 'The system is unable to find the requested action "img".' in /var/www/framework/web/CController.php:483
Stack trace:
#0 /var/www/framework/web/CController.php(270): CController->missingAction('img')
#1 /var/www/framework/web/CWebApplication.php(282): CController->run('img')
#2 /var/www/framework/web/CWebApplication.php(141): CWebApplication->runController('site/img/portfo...')
#3 /var/www/framework/base/CApplication.php(180): CWebApplication->processRequest()
#4 /var/www/singular/index.php(13): CApplication->run()
#5 {main}
REQUEST_URI=/singular/index.php/site/img/portfolio/1-thumb.jpg
HTTP_REFERER=http://localhost/singular/index.php/site/index
---
2014/02/27 16:41:08 [error] [exception.CHttpException.404] exception 'CHttpException' with message 'The system is unable to find the requested action "img".' in /var/www/framework/web/CController.php:483
Stack trace:
#0 /var/www/framework/web/CController.php(270): CController->missingAction('img')
#1 /var/www/framework/web/CWebApplication.php(282): CController->run('img')
#2 /var/www/framework/web/CWebApplication.php(141): CWebApplication->runController('site/img/portfo...')
#3 /var/www/framework/base/CApplication.php(180): CWebApplication->processRequest()
#4 /var/www/singular/index.php(13): CApplication->run()
#5 {main}
REQUEST_URI=/singular/index.php/site/img/portfolio/2-thumb.jpg
HTTP_REFERER=http://localhost/singular/index.php/site/index
---
2014/02/27 16:41:08 [error] [exception.CHttpException.404] exception 'CHttpException' with message 'The system is unable to find the requested action "img".' in /var/www/framework/web/CController.php:483
Stack trace:
#0 /var/www/framework/web/CController.php(270): CController->missingAction('img')
#1 /var/www/framework/web/CWebApplication.php(282): CController->run('img')
#2 /var/www/framework/web/CWebApplication.php(141): CWebApplication->runController('site/img/portfo...')
#3 /var/www/framework/base/CApplication.php(180): CWebApplication->processRequest()
#4 /var/www/singular/index.php(13): CApplication->run()
#5 {main}
REQUEST_URI=/singular/index.php/site/img/portfolio/5-thumb.jpg
HTTP_REFERER=http://localhost/singular/index.php/site/index
---
2014/02/27 16:41:08 [error] [exception.CHttpException.404] exception 'CHttpException' with message 'The system is unable to find the requested action "img".' in /var/www/framework/web/CController.php:483
Stack trace:
#0 /var/www/framework/web/CController.php(270): CController->missingAction('img')
#1 /var/www/framework/web/CWebApplication.php(282): CController->run('img')
#2 /var/www/framework/web/CWebApplication.php(141): CWebApplication->runController('site/img/portfo...')
#3 /var/www/framework/base/CApplication.php(180): CWebApplication->processRequest()
#4 /var/www/singular/index.php(13): CApplication->run()
#5 {main}
REQUEST_URI=/singular/index.php/site/img/portfolio/4-thumb.jpg
HTTP_REFERER=http://localhost/singular/index.php/site/index
---
2014/02/27 16:41:08 [error] [exception.CHttpException.404] exception 'CHttpException' with message 'The system is unable to find the requested action "img".' in /var/www/framework/web/CController.php:483
Stack trace:
#0 /var/www/framework/web/CController.php(270): CController->missingAction('img')
#1 /var/www/framework/web/CWebApplication.php(282): CController->run('img')
#2 /var/www/framework/web/CWebApplication.php(141): CWebApplication->runController('site/img/portfo...')
#3 /var/www/framework/base/CApplication.php(180): CWebApplication->processRequest()
#4 /var/www/singular/index.php(13): CApplication->run()
#5 {main}
REQUEST_URI=/singular/index.php/site/img/portfolio/3-thumb.jpg
HTTP_REFERER=http://localhost/singular/index.php/site/index
---
2014/02/27 16:41:08 [error] [exception.CHttpException.404] exception 'CHttpException' with message 'The system is unable to find the requested action "img".' in /var/www/framework/web/CController.php:483
Stack trace:
#0 /var/www/framework/web/CController.php(270): CController->missingAction('img')
#1 /var/www/framework/web/CWebApplication.php(282): CController->run('img')
#2 /var/www/framework/web/CWebApplication.php(141): CWebApplication->runController('site/img/portfo...')
#3 /var/www/framework/base/CApplication.php(180): CWebApplication->processRequest()
#4 /var/www/singular/index.php(13): CApplication->run()
#5 {main}
REQUEST_URI=/singular/index.php/site/img/portfolio/6-thumb.jpg
HTTP_REFERER=http://localhost/singular/index.php/site/index
---
2014/02/27 16:41:08 [error] [exception.CHttpException.404] exception 'CHttpException' with message 'The system is unable to find the requested action "img".' in /var/www/framework/web/CController.php:483
Stack trace:
#0 /var/www/framework/web/CController.php(270): CController->missingAction('img')
#1 /var/www/framework/web/CWebApplication.php(282): CController->run('img')
#2 /var/www/framework/web/CWebApplication.php(141): CWebApplication->runController('site/img/portfo...')
#3 /var/www/framework/base/CApplication.php(180): CWebApplication->processRequest()
#4 /var/www/singular/index.php(13): CApplication->run()
#5 {main}
REQUEST_URI=/singular/index.php/site/img/portfolio/7-thumb.jpg
HTTP_REFERER=http://localhost/singular/index.php/site/index
---
2014/02/27 16:41:08 [error] [exception.CHttpException.404] exception 'CHttpException' with message 'The system is unable to find the requested action "img".' in /var/www/framework/web/CController.php:483
Stack trace:
#0 /var/www/framework/web/CController.php(270): CController->missingAction('img')
#1 /var/www/framework/web/CWebApplication.php(282): CController->run('img')
#2 /var/www/framework/web/CWebApplication.php(141): CWebApplication->runController('site/img/portfo...')
#3 /var/www/framework/base/CApplication.php(180): CWebApplication->processRequest()
#4 /var/www/singular/index.php(13): CApplication->run()
#5 {main}
REQUEST_URI=/singular/index.php/site/img/portfolio/8-thumb.jpg
HTTP_REFERER=http://localhost/singular/index.php/site/index
---
2014/02/27 16:41:08 [error] [exception.CHttpException.404] exception 'CHttpException' with message 'The system is unable to find the requested action "img".' in /var/www/framework/web/CController.php:483
Stack trace:
#0 /var/www/framework/web/CController.php(270): CController->missingAction('img')
#1 /var/www/framework/web/CWebApplication.php(282): CController->run('img')
#2 /var/www/framework/web/CWebApplication.php(141): CWebApplication->runController('site/img/client...')
#3 /var/www/framework/base/CApplication.php(180): CWebApplication->processRequest()
#4 /var/www/singular/index.php(13): CApplication->run()
#5 {main}
REQUEST_URI=/singular/index.php/site/img/clients/logo3.jpg
HTTP_REFERER=http://localhost/singular/index.php/site/index
---
2014/02/27 16:41:08 [error] [exception.CHttpException.404] exception 'CHttpException' with message 'The system is unable to find the requested action "img".' in /var/www/framework/web/CController.php:483
Stack trace:
#0 /var/www/framework/web/CController.php(270): CController->missingAction('img')
#1 /var/www/framework/web/CWebApplication.php(282): CController->run('img')
#2 /var/www/framework/web/CWebApplication.php(141): CWebApplication->runController('site/img/client...')
#3 /var/www/framework/base/CApplication.php(180): CWebApplication->processRequest()
#4 /var/www/singular/index.php(13): CApplication->run()
#5 {main}
REQUEST_URI=/singular/index.php/site/img/clients/logo1.jpg
HTTP_REFERER=http://localhost/singular/index.php/site/index
---
2014/02/27 16:41:08 [error] [exception.CHttpException.404] exception 'CHttpException' with message 'The system is unable to find the requested action "img".' in /var/www/framework/web/CController.php:483
Stack trace:
#0 /var/www/framework/web/CController.php(270): CController->missingAction('img')
#1 /var/www/framework/web/CWebApplication.php(282): CController->run('img')
#2 /var/www/framework/web/CWebApplication.php(141): CWebApplication->runController('site/img/client...')
#3 /var/www/framework/base/CApplication.php(180): CWebApplication->processRequest()
#4 /var/www/singular/index.php(13): CApplication->run()
#5 {main}
REQUEST_URI=/singular/index.php/site/img/clients/logo2.jpg
HTTP_REFERER=http://localhost/singular/index.php/site/index
---
2014/02/27 16:41:08 [error] [exception.CHttpException.404] exception 'CHttpException' with message 'The system is unable to find the requested action "img".' in /var/www/framework/web/CController.php:483
Stack trace:
#0 /var/www/framework/web/CController.php(270): CController->missingAction('img')
#1 /var/www/framework/web/CWebApplication.php(282): CController->run('img')
#2 /var/www/framework/web/CWebApplication.php(141): CWebApplication->runController('site/img/client...')
#3 /var/www/framework/base/CApplication.php(180): CWebApplication->processRequest()
#4 /var/www/singular/index.php(13): CApplication->run()
#5 {main}
REQUEST_URI=/singular/index.php/site/img/clients/logo4.jpg
HTTP_REFERER=http://localhost/singular/index.php/site/index
---
2014/02/27 16:41:29 [error] [exception.CHttpException.404] exception 'CHttpException' with message 'The system is unable to find the requested action "img".' in /var/www/framework/web/CController.php:483
Stack trace:
#0 /var/www/framework/web/CController.php(270): CController->missingAction('img')
#1 /var/www/framework/web/CWebApplication.php(282): CController->run('img')
#2 /var/www/framework/web/CWebApplication.php(141): CWebApplication->runController('site/img/icons/...')
#3 /var/www/framework/base/CApplication.php(180): CWebApplication->processRequest()
#4 /var/www/singular/index.php(13): CApplication->run()
#5 {main}
REQUEST_URI=/singular/index.php/site/img/icons/webdesign.png
HTTP_REFERER=http://localhost/singular/index.php/site/index
---
2014/02/27 16:41:30 [error] [exception.CHttpException.404] exception 'CHttpException' with message 'The system is unable to find the requested action "img".' in /var/www/framework/web/CController.php:483
Stack trace:
#0 /var/www/framework/web/CController.php(270): CController->missingAction('img')
#1 /var/www/framework/web/CWebApplication.php(282): CController->run('img')
#2 /var/www/framework/web/CWebApplication.php(141): CWebApplication->runController('site/img/icons/...')
#3 /var/www/framework/base/CApplication.php(180): CWebApplication->processRequest()
#4 /var/www/singular/index.php(13): CApplication->run()
#5 {main}
REQUEST_URI=/singular/index.php/site/img/icons/branding.png
HTTP_REFERER=http://localhost/singular/index.php/site/index
---
2014/02/27 16:41:30 [error] [exception.CHttpException.404] exception 'CHttpException' with message 'The system is unable to find the requested action "img".' in /var/www/framework/web/CController.php:483
Stack trace:
#0 /var/www/framework/web/CController.php(270): CController->missingAction('img')
#1 /var/www/framework/web/CWebApplication.php(282): CController->run('img')
#2 /var/www/framework/web/CWebApplication.php(141): CWebApplication->runController('site/img/icons/...')
#3 /var/www/framework/base/CApplication.php(180): CWebApplication->processRequest()
#4 /var/www/singular/index.php(13): CApplication->run()
#5 {main}
REQUEST_URI=/singular/index.php/site/img/icons/wordpress.png
HTTP_REFERER=http://localhost/singular/index.php/site/index
---
2014/02/27 16:41:30 [error] [exception.CHttpException.404] exception 'CHttpException' with message 'The system is unable to find the requested action "img".' in /var/www/framework/web/CController.php:483
Stack trace:
#0 /var/www/framework/web/CController.php(270): CController->missingAction('img')
#1 /var/www/framework/web/CWebApplication.php(282): CController->run('img')
#2 /var/www/framework/web/CWebApplication.php(141): CWebApplication->runController('site/img/arrow-...')
#3 /var/www/framework/base/CApplication.php(180): CWebApplication->processRequest()
#4 /var/www/singular/index.php(13): CApplication->run()
#5 {main}
REQUEST_URI=/singular/index.php/site/img/arrow-right.png
HTTP_REFERER=http://localhost/singular/index.php/site/index
---
2014/02/27 16:41:30 [error] [exception.CHttpException.404] exception 'CHttpException' with message 'The system is unable to find the requested action "img".' in /var/www/framework/web/CController.php:483
Stack trace:
#0 /var/www/framework/web/CController.php(270): CController->missingAction('img')
#1 /var/www/framework/web/CWebApplication.php(282): CController->run('img')
#2 /var/www/framework/web/CWebApplication.php(141): CWebApplication->runController('site/img/portfo...')
#3 /var/www/framework/base/CApplication.php(180): CWebApplication->processRequest()
#4 /var/www/singular/index.php(13): CApplication->run()
#5 {main}
REQUEST_URI=/singular/index.php/site/img/portfolio/1-thumb.jpg
HTTP_REFERER=http://localhost/singular/index.php/site/index
---
2014/02/27 16:41:30 [error] [exception.CHttpException.404] exception 'CHttpException' with message 'The system is unable to find the requested action "img".' in /var/www/framework/web/CController.php:483
Stack trace:
#0 /var/www/framework/web/CController.php(270): CController->missingAction('img')
#1 /var/www/framework/web/CWebApplication.php(282): CController->run('img')
#2 /var/www/framework/web/CWebApplication.php(141): CWebApplication->runController('site/img/portfo...')
#3 /var/www/framework/base/CApplication.php(180): CWebApplication->processRequest()
#4 /var/www/singular/index.php(13): CApplication->run()
#5 {main}
REQUEST_URI=/singular/index.php/site/img/portfolio/2-thumb.jpg
HTTP_REFERER=http://localhost/singular/index.php/site/index
---
2014/02/27 16:41:30 [error] [exception.CHttpException.404] exception 'CHttpException' with message 'The system is unable to find the requested action "img".' in /var/www/framework/web/CController.php:483
Stack trace:
#0 /var/www/framework/web/CController.php(270): CController->missingAction('img')
#1 /var/www/framework/web/CWebApplication.php(282): CController->run('img')
#2 /var/www/framework/web/CWebApplication.php(141): CWebApplication->runController('site/img/icons/...')
#3 /var/www/framework/base/CApplication.php(180): CWebApplication->processRequest()
#4 /var/www/singular/index.php(13): CApplication->run()
#5 {main}
REQUEST_URI=/singular/index.php/site/img/icons/strategy.png
HTTP_REFERER=http://localhost/singular/index.php/site/index
---
2014/02/27 16:41:30 [error] [exception.CHttpException.404] exception 'CHttpException' with message 'The system is unable to find the requested action "img".' in /var/www/framework/web/CController.php:483
Stack trace:
#0 /var/www/framework/web/CController.php(270): CController->missingAction('img')
#1 /var/www/framework/web/CWebApplication.php(282): CController->run('img')
#2 /var/www/framework/web/CWebApplication.php(141): CWebApplication->runController('site/img/arrow-...')
#3 /var/www/framework/base/CApplication.php(180): CWebApplication->processRequest()
#4 /var/www/singular/index.php(13): CApplication->run()
#5 {main}
REQUEST_URI=/singular/index.php/site/img/arrow-left.png
HTTP_REFERER=http://localhost/singular/index.php/site/index
---
2014/02/27 16:41:30 [error] [exception.CHttpException.404] exception 'CHttpException' with message 'The system is unable to find the requested action "img".' in /var/www/framework/web/CController.php:483
Stack trace:
#0 /var/www/framework/web/CController.php(270): CController->missingAction('img')
#1 /var/www/framework/web/CWebApplication.php(282): CController->run('img')
#2 /var/www/framework/web/CWebApplication.php(141): CWebApplication->runController('site/img/portfo...')
#3 /var/www/framework/base/CApplication.php(180): CWebApplication->processRequest()
#4 /var/www/singular/index.php(13): CApplication->run()
#5 {main}
REQUEST_URI=/singular/index.php/site/img/portfolio/3-thumb.jpg
HTTP_REFERER=http://localhost/singular/index.php/site/index
---
2014/02/27 16:41:30 [error] [exception.CHttpException.404] exception 'CHttpException' with message 'The system is unable to find the requested action "img".' in /var/www/framework/web/CController.php:483
Stack trace:
#0 /var/www/framework/web/CController.php(270): CController->missingAction('img')
#1 /var/www/framework/web/CWebApplication.php(282): CController->run('img')
#2 /var/www/framework/web/CWebApplication.php(141): CWebApplication->runController('site/img/portfo...')
#3 /var/www/framework/base/CApplication.php(180): CWebApplication->processRequest()
#4 /var/www/singular/index.php(13): CApplication->run()
#5 {main}
REQUEST_URI=/singular/index.php/site/img/portfolio/4-thumb.jpg
HTTP_REFERER=http://localhost/singular/index.php/site/index
---
2014/02/27 16:41:30 [error] [exception.CHttpException.404] exception 'CHttpException' with message 'The system is unable to find the requested action "img".' in /var/www/framework/web/CController.php:483
Stack trace:
#0 /var/www/framework/web/CController.php(270): CController->missingAction('img')
#1 /var/www/framework/web/CWebApplication.php(282): CController->run('img')
#2 /var/www/framework/web/CWebApplication.php(141): CWebApplication->runController('site/img/portfo...')
#3 /var/www/framework/base/CApplication.php(180): CWebApplication->processRequest()
#4 /var/www/singular/index.php(13): CApplication->run()
#5 {main}
REQUEST_URI=/singular/index.php/site/img/portfolio/5-thumb.jpg
HTTP_REFERER=http://localhost/singular/index.php/site/index
---
2014/02/27 16:41:30 [error] [exception.CHttpException.404] exception 'CHttpException' with message 'The system is unable to find the requested action "img".' in /var/www/framework/web/CController.php:483
Stack trace:
#0 /var/www/framework/web/CController.php(270): CController->missingAction('img')
#1 /var/www/framework/web/CWebApplication.php(282): CController->run('img')
#2 /var/www/framework/web/CWebApplication.php(141): CWebApplication->runController('site/img/portfo...')
#3 /var/www/framework/base/CApplication.php(180): CWebApplication->processRequest()
#4 /var/www/singular/index.php(13): CApplication->run()
#5 {main}
REQUEST_URI=/singular/index.php/site/img/portfolio/6-thumb.jpg
HTTP_REFERER=http://localhost/singular/index.php/site/index
---
2014/02/27 16:41:30 [error] [exception.CHttpException.404] exception 'CHttpException' with message 'The system is unable to find the requested action "img".' in /var/www/framework/web/CController.php:483
Stack trace:
#0 /var/www/framework/web/CController.php(270): CController->missingAction('img')
#1 /var/www/framework/web/CWebApplication.php(282): CController->run('img')
#2 /var/www/framework/web/CWebApplication.php(141): CWebApplication->runController('site/img/portfo...')
#3 /var/www/framework/base/CApplication.php(180): CWebApplication->processRequest()
#4 /var/www/singular/index.php(13): CApplication->run()
#5 {main}
REQUEST_URI=/singular/index.php/site/img/portfolio/7-thumb.jpg
HTTP_REFERER=http://localhost/singular/index.php/site/index
---
2014/02/27 16:41:30 [error] [exception.CHttpException.404] exception 'CHttpException' with message 'The system is unable to find the requested action "img".' in /var/www/framework/web/CController.php:483
Stack trace:
#0 /var/www/framework/web/CController.php(270): CController->missingAction('img')
#1 /var/www/framework/web/CWebApplication.php(282): CController->run('img')
#2 /var/www/framework/web/CWebApplication.php(141): CWebApplication->runController('site/img/client...')
#3 /var/www/framework/base/CApplication.php(180): CWebApplication->processRequest()
#4 /var/www/singular/index.php(13): CApplication->run()
#5 {main}
REQUEST_URI=/singular/index.php/site/img/clients/logo1.jpg
HTTP_REFERER=http://localhost/singular/index.php/site/index
---
2014/02/27 16:41:30 [error] [exception.CHttpException.404] exception 'CHttpException' with message 'The system is unable to find the requested action "img".' in /var/www/framework/web/CController.php:483
Stack trace:
#0 /var/www/framework/web/CController.php(270): CController->missingAction('img')
#1 /var/www/framework/web/CWebApplication.php(282): CController->run('img')
#2 /var/www/framework/web/CWebApplication.php(141): CWebApplication->runController('site/img/portfo...')
#3 /var/www/framework/base/CApplication.php(180): CWebApplication->processRequest()
#4 /var/www/singular/index.php(13): CApplication->run()
#5 {main}
REQUEST_URI=/singular/index.php/site/img/portfolio/8-thumb.jpg
HTTP_REFERER=http://localhost/singular/index.php/site/index
---
2014/02/27 16:41:30 [error] [exception.CHttpException.404] exception 'CHttpException' with message 'The system is unable to find the requested action "img".' in /var/www/framework/web/CController.php:483
Stack trace:
#0 /var/www/framework/web/CController.php(270): CController->missingAction('img')
#1 /var/www/framework/web/CWebApplication.php(282): CController->run('img')
#2 /var/www/framework/web/CWebApplication.php(141): CWebApplication->runController('site/img/client...')
#3 /var/www/framework/base/CApplication.php(180): CWebApplication->processRequest()
#4 /var/www/singular/index.php(13): CApplication->run()
#5 {main}
REQUEST_URI=/singular/index.php/site/img/clients/logo2.jpg
HTTP_REFERER=http://localhost/singular/index.php/site/index
---
2014/02/27 16:41:30 [error] [exception.CHttpException.404] exception 'CHttpException' with message 'The system is unable to find the requested action "img".' in /var/www/framework/web/CController.php:483
Stack trace:
#0 /var/www/framework/web/CController.php(270): CController->missingAction('img')
#1 /var/www/framework/web/CWebApplication.php(282): CController->run('img')
#2 /var/www/framework/web/CWebApplication.php(141): CWebApplication->runController('site/img/client...')
#3 /var/www/framework/base/CApplication.php(180): CWebApplication->processRequest()
#4 /var/www/singular/index.php(13): CApplication->run()
#5 {main}
REQUEST_URI=/singular/index.php/site/img/clients/logo3.jpg
HTTP_REFERER=http://localhost/singular/index.php/site/index
---
2014/02/27 16:41:30 [error] [exception.CHttpException.404] exception 'CHttpException' with message 'The system is unable to find the requested action "img".' in /var/www/framework/web/CController.php:483
Stack trace:
#0 /var/www/framework/web/CController.php(270): CController->missingAction('img')
#1 /var/www/framework/web/CWebApplication.php(282): CController->run('img')
#2 /var/www/framework/web/CWebApplication.php(141): CWebApplication->runController('site/img/client...')
#3 /var/www/framework/base/CApplication.php(180): CWebApplication->processRequest()
#4 /var/www/singular/index.php(13): CApplication->run()
#5 {main}
REQUEST_URI=/singular/index.php/site/img/clients/logo4.jpg
HTTP_REFERER=http://localhost/singular/index.php/site/index
---
2014/02/27 17:03:44 [error] [exception.CHttpException.404] exception 'CHttpException' with message 'The system is unable to find the requested action "view".' in /var/www/framework/web/CController.php:483
Stack trace:
#0 /var/www/framework/web/CController.php(270): CController->missingAction('view')
#1 /var/www/framework/web/CWebApplication.php(282): CController->run('view')
#2 /var/www/framework/web/CWebApplication.php(141): CWebApplication->runController('site/view/impre...')
#3 /var/www/framework/base/CApplication.php(180): CWebApplication->processRequest()
#4 /var/www/singular/index.php(13): CApplication->run()
#5 {main}
REQUEST_URI=/singular/index.php/site/view/imprenta/linkOptions%5Bclass%5D/page
HTTP_REFERER=http://localhost/singular/index.php/site/index
---
2014/02/27 17:04:56 [error] [exception.CHttpException.404] exception 'CHttpException' with message 'The system is unable to find the requested action "view".' in /var/www/framework/web/CController.php:483
Stack trace:
#0 /var/www/framework/web/CController.php(270): CController->missingAction('view')
#1 /var/www/framework/web/CWebApplication.php(282): CController->run('view')
#2 /var/www/framework/web/CWebApplication.php(141): CWebApplication->runController('site/view/impre...')
#3 /var/www/framework/base/CApplication.php(180): CWebApplication->processRequest()
#4 /var/www/singular/index.php(13): CApplication->run()
#5 {main}
REQUEST_URI=/singular/index.php/site/view/imprenta/linkOptions%5Bclass%5D/page
HTTP_REFERER=http://localhost/singular/index.php/site/contact
---
