2014/04/04 15:33:13 [error] [exception.CDbException] exception 'CDbException' with message 'CDbConnection failed to open the DB connection: SQLSTATE[28000] [1045] Access denied for user 'root'@'localhost' (using password: NO)' in /var/www/framework/db/CDbConnection.php:382
Stack trace:
#0 /var/www/framework/db/CDbConnection.php(330): CDbConnection->open()
#1 /var/www/framework/db/CDbConnection.php(308): CDbConnection->setActive(true)
#2 /var/www/framework/base/CModule.php(387): CDbConnection->init()
#3 /var/www/framework/base/CApplication.php(450): CModule->getComponent('db')
#4 /var/www/framework/db/ar/CActiveRecord.php(634): CApplication->getDb()
#5 /var/www/framework/db/ar/CActiveRecord.php(2361): CActiveRecord->getDbConnection()
#6 /var/www/framework/db/ar/CActiveRecord.php(411): CActiveRecordMetaData->__construct(Object(Cliente))
#7 /var/www/framework/db/ar/CActiveRecord.php(79): CActiveRecord->getMetaData()
#8 /var/www/singular/venta/protected/controllers/DistribuidoraController.php(16): CActiveRecord->__construct()
#9 [internal function]: DistribuidoraController->actionIndex(NULL)
#10 /var/www/framework/web/actions/CAction.php(108): ReflectionMethod->invokeArgs(Object(DistribuidoraController), Array)
#11 /var/www/framework/web/actions/CInlineAction.php(47): CAction->runWithParamsInternal(Object(DistribuidoraController), Object(ReflectionMethod), Array)
#12 /var/www/framework/web/CController.php(308): CInlineAction->runWithParams(Array)
#13 /var/www/framework/web/CController.php(286): CController->runAction(Object(CInlineAction))
#14 /var/www/framework/web/CController.php(265): CController->runActionWithFilters(Object(CInlineAction), Array)
#15 /var/www/framework/web/CWebApplication.php(282): CController->run('index')
#16 /var/www/framework/web/CWebApplication.php(141): CWebApplication->runController('distribuidora/i...')
#17 /var/www/framework/base/CApplication.php(180): CWebApplication->processRequest()
#18 /var/www/singular/venta/index.php(13): CApplication->run()
#19 {main}
REQUEST_URI=/singular/venta/index.php/distribuidora/index
---
2014/04/04 15:41:01 [warning] [application] Failed to set unsafe attribute "material" of "Producto".
in /var/www/singular/venta/protected/controllers/DistribuidoraController.php (47)
in /var/www/singular/venta/index.php (13)
2014/04/04 15:41:01 [warning] [application] Failed to set unsafe attribute "color" of "Producto".
in /var/www/singular/venta/protected/controllers/DistribuidoraController.php (47)
in /var/www/singular/venta/index.php (13)
2014/04/04 15:41:01 [warning] [application] Failed to set unsafe attribute "industria" of "Producto".
in /var/www/singular/venta/protected/controllers/DistribuidoraController.php (47)
in /var/www/singular/venta/index.php (13)
2014/04/04 15:41:02 [warning] [application] Failed to set unsafe attribute "material" of "Producto".
in /var/www/singular/venta/protected/controllers/DistribuidoraController.php (47)
in /var/www/singular/venta/index.php (13)
2014/04/04 15:41:02 [warning] [application] Failed to set unsafe attribute "color" of "Producto".
in /var/www/singular/venta/protected/controllers/DistribuidoraController.php (47)
in /var/www/singular/venta/index.php (13)
2014/04/04 15:41:02 [warning] [application] Failed to set unsafe attribute "industria" of "Producto".
in /var/www/singular/venta/protected/controllers/DistribuidoraController.php (47)
in /var/www/singular/venta/index.php (13)
2014/04/04 15:41:05 [warning] [application] Failed to set unsafe attribute "material" of "Producto".
in /var/www/singular/venta/protected/controllers/DistribuidoraController.php (47)
in /var/www/singular/venta/index.php (13)
2014/04/04 15:41:05 [warning] [application] Failed to set unsafe attribute "color" of "Producto".
in /var/www/singular/venta/protected/controllers/DistribuidoraController.php (47)
in /var/www/singular/venta/index.php (13)
2014/04/04 15:41:05 [warning] [application] Failed to set unsafe attribute "industria" of "Producto".
in /var/www/singular/venta/protected/controllers/DistribuidoraController.php (47)
in /var/www/singular/venta/index.php (13)
2014/04/04 15:41:08 [warning] [application] Failed to set unsafe attribute "material" of "Producto".
in /var/www/singular/venta/protected/controllers/DistribuidoraController.php (47)
in /var/www/singular/venta/index.php (13)
2014/04/04 15:41:08 [warning] [application] Failed to set unsafe attribute "color" of "Producto".
in /var/www/singular/venta/protected/controllers/DistribuidoraController.php (47)
in /var/www/singular/venta/index.php (13)
2014/04/04 15:41:08 [warning] [application] Failed to set unsafe attribute "industria" of "Producto".
in /var/www/singular/venta/protected/controllers/DistribuidoraController.php (47)
in /var/www/singular/venta/index.php (13)
2014/04/04 15:41:14 [warning] [application] Failed to set unsafe attribute "material" of "Producto".
in /var/www/singular/venta/protected/controllers/DistribuidoraController.php (47)
in /var/www/singular/venta/index.php (13)
2014/04/04 15:41:14 [warning] [application] Failed to set unsafe attribute "color" of "Producto".
in /var/www/singular/venta/protected/controllers/DistribuidoraController.php (47)
in /var/www/singular/venta/index.php (13)
2014/04/04 15:41:14 [warning] [application] Failed to set unsafe attribute "industria" of "Producto".
in /var/www/singular/venta/protected/controllers/DistribuidoraController.php (47)
in /var/www/singular/venta/index.php (13)
2014/04/04 15:41:17 [warning] [application] Failed to set unsafe attribute "material" of "Producto".
in /var/www/singular/venta/protected/controllers/DistribuidoraController.php (47)
in /var/www/singular/venta/index.php (13)
2014/04/04 15:41:17 [warning] [application] Failed to set unsafe attribute "color" of "Producto".
in /var/www/singular/venta/protected/controllers/DistribuidoraController.php (47)
in /var/www/singular/venta/index.php (13)
2014/04/04 15:41:17 [warning] [application] Failed to set unsafe attribute "industria" of "Producto".
in /var/www/singular/venta/protected/controllers/DistribuidoraController.php (47)
in /var/www/singular/venta/index.php (13)
2014/04/04 15:41:18 [warning] [application] Failed to set unsafe attribute "material" of "Producto".
in /var/www/singular/venta/protected/controllers/DistribuidoraController.php (47)
in /var/www/singular/venta/index.php (13)
2014/04/04 15:41:18 [warning] [application] Failed to set unsafe attribute "color" of "Producto".
in /var/www/singular/venta/protected/controllers/DistribuidoraController.php (47)
in /var/www/singular/venta/index.php (13)
2014/04/04 15:41:18 [warning] [application] Failed to set unsafe attribute "industria" of "Producto".
in /var/www/singular/venta/protected/controllers/DistribuidoraController.php (47)
in /var/www/singular/venta/index.php (13)
2014/04/04 15:41:20 [warning] [application] Failed to set unsafe attribute "material" of "Producto".
in /var/www/singular/venta/protected/controllers/DistribuidoraController.php (47)
in /var/www/singular/venta/index.php (13)
2014/04/04 15:41:20 [warning] [application] Failed to set unsafe attribute "color" of "Producto".
in /var/www/singular/venta/protected/controllers/DistribuidoraController.php (47)
in /var/www/singular/venta/index.php (13)
2014/04/04 15:41:20 [warning] [application] Failed to set unsafe attribute "industria" of "Producto".
in /var/www/singular/venta/protected/controllers/DistribuidoraController.php (47)
in /var/www/singular/venta/index.php (13)
2014/04/04 17:16:24 [error] [exception.CHttpException.404] exception 'CHttpException' with message 'The requested page does not exist.' in /var/www/singular/venta/protected/controllers/DistribuidoraController.php:119
Stack trace:
#0 /var/www/singular/venta/protected/controllers/DistribuidoraController.php(80): DistribuidoraController->verifyModel(NULL)
#1 [internal function]: DistribuidoraController->actionAjaxCliente('56')
#2 /var/www/framework/web/actions/CAction.php(108): ReflectionMethod->invokeArgs(Object(DistribuidoraController), Array)
#3 /var/www/framework/web/actions/CInlineAction.php(47): CAction->runWithParamsInternal(Object(DistribuidoraController), Object(ReflectionMethod), Array)
#4 /var/www/framework/web/CController.php(308): CInlineAction->runWithParams(Array)
#5 /var/www/framework/web/CController.php(286): CController->runAction(Object(CInlineAction))
#6 /var/www/framework/web/CController.php(265): CController->runActionWithFilters(Object(CInlineAction), Array)
#7 /var/www/framework/web/CWebApplication.php(282): CController->run('ajaxCliente')
#8 /var/www/framework/web/CWebApplication.php(141): CWebApplication->runController('distribuidora/a...')
#9 /var/www/framework/base/CApplication.php(180): CWebApplication->processRequest()
#10 /var/www/singular/venta/index.php(13): CApplication->run()
#11 {main}
REQUEST_URI=/singular/venta/index.php/distribuidora/ajaxCliente?nitCi=56
HTTP_REFERER=http://192.168.1.2/singular/venta/index.php/distribuidora/index
---
2014/04/04 17:16:24 [error] [exception.CHttpException.404] exception 'CHttpException' with message 'The requested page does not exist.' in /var/www/singular/venta/protected/controllers/DistribuidoraController.php:119
Stack trace:
#0 /var/www/singular/venta/protected/controllers/DistribuidoraController.php(80): DistribuidoraController->verifyModel(NULL)
#1 [internal function]: DistribuidoraController->actionAjaxCliente('56')
#2 /var/www/framework/web/actions/CAction.php(108): ReflectionMethod->invokeArgs(Object(DistribuidoraController), Array)
#3 /var/www/framework/web/actions/CInlineAction.php(47): CAction->runWithParamsInternal(Object(DistribuidoraController), Object(ReflectionMethod), Array)
#4 /var/www/framework/web/CController.php(308): CInlineAction->runWithParams(Array)
#5 /var/www/framework/web/CController.php(286): CController->runAction(Object(CInlineAction))
#6 /var/www/framework/web/CController.php(265): CController->runActionWithFilters(Object(CInlineAction), Array)
#7 /var/www/framework/web/CWebApplication.php(282): CController->run('ajaxCliente')
#8 /var/www/framework/web/CWebApplication.php(141): CWebApplication->runController('distribuidora/a...')
#9 /var/www/framework/base/CApplication.php(180): CWebApplication->processRequest()
#10 /var/www/singular/venta/index.php(13): CApplication->run()
#11 {main}
REQUEST_URI=/singular/venta/index.php/distribuidora/ajaxCliente?nitCi=56
HTTP_REFERER=http://192.168.1.2/singular/venta/index.php/distribuidora/index
---
2014/04/04 17:16:42 [warning] [application] Failed to set unsafe attribute "material" of "Producto".
in /var/www/singular/venta/protected/controllers/DistribuidoraController.php (47)
in /var/www/singular/venta/index.php (13)
2014/04/04 17:16:42 [warning] [application] Failed to set unsafe attribute "color" of "Producto".
in /var/www/singular/venta/protected/controllers/DistribuidoraController.php (47)
in /var/www/singular/venta/index.php (13)
2014/04/04 17:16:42 [warning] [application] Failed to set unsafe attribute "industria" of "Producto".
in /var/www/singular/venta/protected/controllers/DistribuidoraController.php (47)
in /var/www/singular/venta/index.php (13)
2014/04/04 17:16:45 [warning] [application] Failed to set unsafe attribute "material" of "Producto".
in /var/www/singular/venta/protected/controllers/DistribuidoraController.php (47)
in /var/www/singular/venta/index.php (13)
2014/04/04 17:16:45 [warning] [application] Failed to set unsafe attribute "color" of "Producto".
in /var/www/singular/venta/protected/controllers/DistribuidoraController.php (47)
in /var/www/singular/venta/index.php (13)
2014/04/04 17:16:45 [warning] [application] Failed to set unsafe attribute "industria" of "Producto".
in /var/www/singular/venta/protected/controllers/DistribuidoraController.php (47)
in /var/www/singular/venta/index.php (13)
2014/04/04 17:16:53 [warning] [application] Failed to set unsafe attribute "material" of "Producto".
in /var/www/singular/venta/protected/controllers/DistribuidoraController.php (47)
in /var/www/singular/venta/index.php (13)
2014/04/04 17:16:53 [warning] [application] Failed to set unsafe attribute "color" of "Producto".
in /var/www/singular/venta/protected/controllers/DistribuidoraController.php (47)
in /var/www/singular/venta/index.php (13)
2014/04/04 17:16:53 [warning] [application] Failed to set unsafe attribute "industria" of "Producto".
in /var/www/singular/venta/protected/controllers/DistribuidoraController.php (47)
in /var/www/singular/venta/index.php (13)
2014/04/04 17:17:41 [warning] [application] Failed to set unsafe attribute "material" of "Producto".
in /var/www/singular/venta/protected/controllers/DistribuidoraController.php (47)
in /var/www/singular/venta/index.php (13)
2014/04/04 17:17:41 [warning] [application] Failed to set unsafe attribute "color" of "Producto".
in /var/www/singular/venta/protected/controllers/DistribuidoraController.php (47)
in /var/www/singular/venta/index.php (13)
2014/04/04 17:17:41 [warning] [application] Failed to set unsafe attribute "industria" of "Producto".
in /var/www/singular/venta/protected/controllers/DistribuidoraController.php (47)
in /var/www/singular/venta/index.php (13)
2014/04/04 17:18:39 [warning] [application] Failed to set unsafe attribute "material" of "Producto".
in /var/www/singular/venta/protected/controllers/DistribuidoraController.php (47)
in /var/www/singular/venta/index.php (13)
2014/04/04 17:18:39 [warning] [application] Failed to set unsafe attribute "color" of "Producto".
in /var/www/singular/venta/protected/controllers/DistribuidoraController.php (47)
in /var/www/singular/venta/index.php (13)
2014/04/04 17:18:39 [warning] [application] Failed to set unsafe attribute "industria" of "Producto".
in /var/www/singular/venta/protected/controllers/DistribuidoraController.php (47)
in /var/www/singular/venta/index.php (13)
2014/04/04 17:21:10 [warning] [application] Failed to set unsafe attribute "material" of "Producto".
in /var/www/singular/venta/protected/controllers/DistribuidoraController.php (47)
in /var/www/singular/venta/index.php (13)
2014/04/04 17:21:10 [warning] [application] Failed to set unsafe attribute "color" of "Producto".
in /var/www/singular/venta/protected/controllers/DistribuidoraController.php (47)
in /var/www/singular/venta/index.php (13)
2014/04/04 17:21:10 [warning] [application] Failed to set unsafe attribute "industria" of "Producto".
in /var/www/singular/venta/protected/controllers/DistribuidoraController.php (47)
in /var/www/singular/venta/index.php (13)
2014/04/04 17:21:17 [warning] [application] Failed to set unsafe attribute "material" of "Producto".
in /var/www/singular/venta/protected/controllers/DistribuidoraController.php (47)
in /var/www/singular/venta/index.php (13)
2014/04/04 17:21:17 [warning] [application] Failed to set unsafe attribute "color" of "Producto".
in /var/www/singular/venta/protected/controllers/DistribuidoraController.php (47)
in /var/www/singular/venta/index.php (13)
2014/04/04 17:21:17 [warning] [application] Failed to set unsafe attribute "industria" of "Producto".
in /var/www/singular/venta/protected/controllers/DistribuidoraController.php (47)
in /var/www/singular/venta/index.php (13)
2014/04/04 17:21:51 [warning] [application] Failed to set unsafe attribute "material" of "Producto".
in /var/www/singular/venta/protected/controllers/DistribuidoraController.php (47)
in /var/www/singular/venta/index.php (13)
2014/04/04 17:21:51 [warning] [application] Failed to set unsafe attribute "color" of "Producto".
in /var/www/singular/venta/protected/controllers/DistribuidoraController.php (47)
in /var/www/singular/venta/index.php (13)
2014/04/04 17:21:51 [warning] [application] Failed to set unsafe attribute "industria" of "Producto".
in /var/www/singular/venta/protected/controllers/DistribuidoraController.php (47)
in /var/www/singular/venta/index.php (13)
2014/04/04 17:21:53 [warning] [application] Failed to set unsafe attribute "material" of "Producto".
in /var/www/singular/venta/protected/controllers/DistribuidoraController.php (47)
in /var/www/singular/venta/index.php (13)
2014/04/04 17:21:53 [warning] [application] Failed to set unsafe attribute "color" of "Producto".
in /var/www/singular/venta/protected/controllers/DistribuidoraController.php (47)
in /var/www/singular/venta/index.php (13)
2014/04/04 17:21:53 [warning] [application] Failed to set unsafe attribute "industria" of "Producto".
in /var/www/singular/venta/protected/controllers/DistribuidoraController.php (47)
in /var/www/singular/venta/index.php (13)
2014/04/04 17:21:54 [warning] [application] Failed to set unsafe attribute "material" of "Producto".
in /var/www/singular/venta/protected/controllers/DistribuidoraController.php (47)
in /var/www/singular/venta/index.php (13)
2014/04/04 17:21:54 [warning] [application] Failed to set unsafe attribute "color" of "Producto".
in /var/www/singular/venta/protected/controllers/DistribuidoraController.php (47)
in /var/www/singular/venta/index.php (13)
2014/04/04 17:21:54 [warning] [application] Failed to set unsafe attribute "industria" of "Producto".
in /var/www/singular/venta/protected/controllers/DistribuidoraController.php (47)
in /var/www/singular/venta/index.php (13)
2014/04/04 17:21:56 [warning] [application] Failed to set unsafe attribute "material" of "Producto".
in /var/www/singular/venta/protected/controllers/DistribuidoraController.php (47)
in /var/www/singular/venta/index.php (13)
2014/04/04 17:21:56 [warning] [application] Failed to set unsafe attribute "color" of "Producto".
in /var/www/singular/venta/protected/controllers/DistribuidoraController.php (47)
in /var/www/singular/venta/index.php (13)
2014/04/04 17:21:56 [warning] [application] Failed to set unsafe attribute "industria" of "Producto".
in /var/www/singular/venta/protected/controllers/DistribuidoraController.php (47)
in /var/www/singular/venta/index.php (13)
2014/04/04 17:21:57 [warning] [application] Failed to set unsafe attribute "material" of "Producto".
in /var/www/singular/venta/protected/controllers/DistribuidoraController.php (47)
in /var/www/singular/venta/index.php (13)
2014/04/04 17:21:57 [warning] [application] Failed to set unsafe attribute "color" of "Producto".
in /var/www/singular/venta/protected/controllers/DistribuidoraController.php (47)
in /var/www/singular/venta/index.php (13)
2014/04/04 17:21:57 [warning] [application] Failed to set unsafe attribute "industria" of "Producto".
in /var/www/singular/venta/protected/controllers/DistribuidoraController.php (47)
in /var/www/singular/venta/index.php (13)
2014/04/04 17:22:00 [warning] [application] Failed to set unsafe attribute "material" of "Producto".
in /var/www/singular/venta/protected/controllers/DistribuidoraController.php (47)
in /var/www/singular/venta/index.php (13)
2014/04/04 17:22:00 [warning] [application] Failed to set unsafe attribute "color" of "Producto".
in /var/www/singular/venta/protected/controllers/DistribuidoraController.php (47)
in /var/www/singular/venta/index.php (13)
2014/04/04 17:22:00 [warning] [application] Failed to set unsafe attribute "industria" of "Producto".
in /var/www/singular/venta/protected/controllers/DistribuidoraController.php (47)
in /var/www/singular/venta/index.php (13)
2014/04/04 17:24:43 [error] [exception.CHttpException.400] exception 'CHttpException' with message 'Invalid request. Please do not repeat this request again.' in /var/www/singular/venta/protected/controllers/DistribuidoraController.php:107
Stack trace:
#0 /var/www/framework/web/actions/CInlineAction.php(49): DistribuidoraController->actionAddDetalle()
#1 /var/www/framework/web/CController.php(308): CInlineAction->runWithParams(Array)
#2 /var/www/framework/web/CController.php(286): CController->runAction(Object(CInlineAction))
#3 /var/www/framework/web/CController.php(265): CController->runActionWithFilters(Object(CInlineAction), Array)
#4 /var/www/framework/web/CWebApplication.php(282): CController->run('addDetalle')
#5 /var/www/framework/web/CWebApplication.php(141): CWebApplication->runController('distribuidora/a...')
#6 /var/www/framework/base/CApplication.php(180): CWebApplication->processRequest()
#7 /var/www/singular/venta/index.php(13): CApplication->run()
#8 {main}
REQUEST_URI=/singular/venta/index.php/distribuidora/addDetalle
HTTP_REFERER=http://localhost/singular/venta/index.php/distribuidora
---
2014/04/04 17:25:18 [error] [exception.CHttpException.400] exception 'CHttpException' with message 'Invalid request. Please do not repeat this request again.' in /var/www/singular/venta/protected/controllers/DistribuidoraController.php:107
Stack trace:
#0 /var/www/framework/web/actions/CInlineAction.php(49): DistribuidoraController->actionAddDetalle()
#1 /var/www/framework/web/CController.php(308): CInlineAction->runWithParams(Array)
#2 /var/www/framework/web/CController.php(286): CController->runAction(Object(CInlineAction))
#3 /var/www/framework/web/CController.php(265): CController->runActionWithFilters(Object(CInlineAction), Array)
#4 /var/www/framework/web/CWebApplication.php(282): CController->run('addDetalle')
#5 /var/www/framework/web/CWebApplication.php(141): CWebApplication->runController('distribuidora/a...')
#6 /var/www/framework/base/CApplication.php(180): CWebApplication->processRequest()
#7 /var/www/singular/venta/index.php(13): CApplication->run()
#8 {main}
REQUEST_URI=/singular/venta/index.php/distribuidora/addDetalle
HTTP_REFERER=http://localhost/singular/venta/index.php/distribuidora
---
2014/04/04 17:25:33 [error] [exception.CHttpException.400] exception 'CHttpException' with message 'Invalid request. Please do not repeat this request again.' in /var/www/singular/venta/protected/controllers/DistribuidoraController.php:107
Stack trace:
#0 /var/www/framework/web/actions/CInlineAction.php(49): DistribuidoraController->actionAddDetalle()
#1 /var/www/framework/web/CController.php(308): CInlineAction->runWithParams(Array)
#2 /var/www/framework/web/CController.php(286): CController->runAction(Object(CInlineAction))
#3 /var/www/framework/web/CController.php(265): CController->runActionWithFilters(Object(CInlineAction), Array)
#4 /var/www/framework/web/CWebApplication.php(282): CController->run('addDetalle')
#5 /var/www/framework/web/CWebApplication.php(141): CWebApplication->runController('distribuidora/a...')
#6 /var/www/framework/base/CApplication.php(180): CWebApplication->processRequest()
#7 /var/www/singular/venta/index.php(13): CApplication->run()
#8 {main}
REQUEST_URI=/singular/venta/index.php/distribuidora/addDetalle
HTTP_REFERER=http://localhost/singular/venta/index.php/distribuidora
---
2014/04/04 17:26:05 [error] [exception.CHttpException.400] exception 'CHttpException' with message 'Invalid request. Please do not repeat this request again.' in /var/www/singular/venta/protected/controllers/DistribuidoraController.php:107
Stack trace:
#0 /var/www/framework/web/actions/CInlineAction.php(49): DistribuidoraController->actionAddDetalle()
#1 /var/www/framework/web/CController.php(308): CInlineAction->runWithParams(Array)
#2 /var/www/framework/web/CController.php(286): CController->runAction(Object(CInlineAction))
#3 /var/www/framework/web/CController.php(265): CController->runActionWithFilters(Object(CInlineAction), Array)
#4 /var/www/framework/web/CWebApplication.php(282): CController->run('addDetalle')
#5 /var/www/framework/web/CWebApplication.php(141): CWebApplication->runController('distribuidora/a...')
#6 /var/www/framework/base/CApplication.php(180): CWebApplication->processRequest()
#7 /var/www/singular/venta/index.php(13): CApplication->run()
#8 {main}
REQUEST_URI=/singular/venta/index.php/distribuidora/addDetalle
HTTP_REFERER=http://localhost/singular/venta/index.php/distribuidora
---
2014/04/04 17:27:10 [error] [exception.CHttpException.400] exception 'CHttpException' with message 'Invalid request. Please do not repeat this request again.' in /var/www/singular/venta/protected/controllers/DistribuidoraController.php:107
Stack trace:
#0 /var/www/framework/web/actions/CInlineAction.php(49): DistribuidoraController->actionAddDetalle()
#1 /var/www/framework/web/CController.php(308): CInlineAction->runWithParams(Array)
#2 /var/www/framework/web/CController.php(286): CController->runAction(Object(CInlineAction))
#3 /var/www/framework/web/CController.php(265): CController->runActionWithFilters(Object(CInlineAction), Array)
#4 /var/www/framework/web/CWebApplication.php(282): CController->run('addDetalle')
#5 /var/www/framework/web/CWebApplication.php(141): CWebApplication->runController('distribuidora/a...')
#6 /var/www/framework/base/CApplication.php(180): CWebApplication->processRequest()
#7 /var/www/singular/venta/index.php(13): CApplication->run()
#8 {main}
REQUEST_URI=/singular/venta/index.php/distribuidora/addDetalle
HTTP_REFERER=http://localhost/singular/venta/index.php/distribuidora
---
2014/04/04 18:26:51 [warning] [application] Failed to set unsafe attribute "material" of "Producto".
in /var/www/singular/venta/protected/controllers/DistribuidoraController.php (47)
in /var/www/singular/venta/index.php (13)
2014/04/04 18:26:51 [warning] [application] Failed to set unsafe attribute "color" of "Producto".
in /var/www/singular/venta/protected/controllers/DistribuidoraController.php (47)
in /var/www/singular/venta/index.php (13)
2014/04/04 18:26:51 [warning] [application] Failed to set unsafe attribute "industria" of "Producto".
in /var/www/singular/venta/protected/controllers/DistribuidoraController.php (47)
in /var/www/singular/venta/index.php (13)
2014/04/04 18:26:53 [warning] [application] Failed to set unsafe attribute "material" of "Producto".
in /var/www/singular/venta/protected/controllers/DistribuidoraController.php (47)
in /var/www/singular/venta/index.php (13)
2014/04/04 18:26:53 [warning] [application] Failed to set unsafe attribute "color" of "Producto".
in /var/www/singular/venta/protected/controllers/DistribuidoraController.php (47)
in /var/www/singular/venta/index.php (13)
2014/04/04 18:26:53 [warning] [application] Failed to set unsafe attribute "industria" of "Producto".
in /var/www/singular/venta/protected/controllers/DistribuidoraController.php (47)
in /var/www/singular/venta/index.php (13)
2014/04/04 18:26:54 [warning] [application] Failed to set unsafe attribute "material" of "Producto".
in /var/www/singular/venta/protected/controllers/DistribuidoraController.php (47)
in /var/www/singular/venta/index.php (13)
2014/04/04 18:26:54 [warning] [application] Failed to set unsafe attribute "color" of "Producto".
in /var/www/singular/venta/protected/controllers/DistribuidoraController.php (47)
in /var/www/singular/venta/index.php (13)
2014/04/04 18:26:54 [warning] [application] Failed to set unsafe attribute "industria" of "Producto".
in /var/www/singular/venta/protected/controllers/DistribuidoraController.php (47)
in /var/www/singular/venta/index.php (13)
2014/04/04 18:26:56 [warning] [application] Failed to set unsafe attribute "material" of "Producto".
in /var/www/singular/venta/protected/controllers/DistribuidoraController.php (47)
in /var/www/singular/venta/index.php (13)
2014/04/04 18:26:56 [warning] [application] Failed to set unsafe attribute "color" of "Producto".
in /var/www/singular/venta/protected/controllers/DistribuidoraController.php (47)
in /var/www/singular/venta/index.php (13)
2014/04/04 18:26:56 [warning] [application] Failed to set unsafe attribute "industria" of "Producto".
in /var/www/singular/venta/protected/controllers/DistribuidoraController.php (47)
in /var/www/singular/venta/index.php (13)
2014/04/04 18:26:59 [warning] [application] Failed to set unsafe attribute "material" of "Producto".
in /var/www/singular/venta/protected/controllers/DistribuidoraController.php (47)
in /var/www/singular/venta/index.php (13)
2014/04/04 18:26:59 [warning] [application] Failed to set unsafe attribute "color" of "Producto".
in /var/www/singular/venta/protected/controllers/DistribuidoraController.php (47)
in /var/www/singular/venta/index.php (13)
2014/04/04 18:26:59 [warning] [application] Failed to set unsafe attribute "industria" of "Producto".
in /var/www/singular/venta/protected/controllers/DistribuidoraController.php (47)
in /var/www/singular/venta/index.php (13)
2014/04/04 18:27:02 [warning] [application] Failed to set unsafe attribute "material" of "Producto".
in /var/www/singular/venta/protected/controllers/DistribuidoraController.php (47)
in /var/www/singular/venta/index.php (13)
2014/04/04 18:27:02 [warning] [application] Failed to set unsafe attribute "color" of "Producto".
in /var/www/singular/venta/protected/controllers/DistribuidoraController.php (47)
in /var/www/singular/venta/index.php (13)
2014/04/04 18:27:02 [warning] [application] Failed to set unsafe attribute "industria" of "Producto".
in /var/www/singular/venta/protected/controllers/DistribuidoraController.php (47)
in /var/www/singular/venta/index.php (13)
2014/04/04 18:49:21 [error] [php] Undefined variable: form (/var/www/singular/venta/protected/views/distribuidora/ventaProducto.php:4)
Stack trace:
#0 /var/www/framework/web/CController.php(869): DistribuidoraController->renderFile()
#1 /var/www/singular/venta/protected/views/distribuidora/index.php(34): DistribuidoraController->renderPartial()
#2 /var/www/framework/web/CBaseController.php(126): require()
#3 /var/www/framework/web/CBaseController.php(95): DistribuidoraController->renderInternal()
#4 /var/www/framework/web/CController.php(869): DistribuidoraController->renderFile()
#5 /var/www/framework/web/CController.php(782): DistribuidoraController->renderPartial()
#6 /var/www/singular/venta/protected/controllers/DistribuidoraController.php(73): DistribuidoraController->render()
#7 unknown(0): DistribuidoraController->actionIndex()
#8 /var/www/framework/web/actions/CAction.php(108): ReflectionMethod->invokeArgs()
#9 /var/www/framework/web/actions/CInlineAction.php(47): CInlineAction->runWithParamsInternal()
#10 /var/www/framework/web/CController.php(308): CInlineAction->runWithParams()
#11 /var/www/framework/web/CController.php(286): DistribuidoraController->runAction()
#12 /var/www/framework/web/CController.php(265): DistribuidoraController->runActionWithFilters()
#13 /var/www/framework/web/CWebApplication.php(282): DistribuidoraController->run()
#14 /var/www/framework/web/CWebApplication.php(141): CWebApplication->runController()
#15 /var/www/framework/base/CApplication.php(180): CWebApplication->processRequest()
#16 /var/www/singular/venta/index.php(13): CWebApplication->run()
REQUEST_URI=/singular/venta/index.php/distribuidora/
in /var/www/singular/venta/protected/views/distribuidora/ventaProducto.php (4)
in /var/www/singular/venta/protected/views/distribuidora/index.php (34)
in /var/www/singular/venta/protected/controllers/DistribuidoraController.php (73)
2014/04/04 19:15:02 [error] [exception.CHttpException.404] exception 'CHttpException' with message 'The requested page does not exist.' in /var/www/singular/venta/protected/controllers/DistribuidoraController.php:119
Stack trace:
#0 /var/www/singular/venta/protected/controllers/DistribuidoraController.php(80): DistribuidoraController->verifyModel(NULL)
#1 [internal function]: DistribuidoraController->actionAjaxCliente('12')
#2 /var/www/framework/web/actions/CAction.php(108): ReflectionMethod->invokeArgs(Object(DistribuidoraController), Array)
#3 /var/www/framework/web/actions/CInlineAction.php(47): CAction->runWithParamsInternal(Object(DistribuidoraController), Object(ReflectionMethod), Array)
#4 /var/www/framework/web/CController.php(308): CInlineAction->runWithParams(Array)
#5 /var/www/framework/web/CController.php(286): CController->runAction(Object(CInlineAction))
#6 /var/www/framework/web/CController.php(265): CController->runActionWithFilters(Object(CInlineAction), Array)
#7 /var/www/framework/web/CWebApplication.php(282): CController->run('ajaxCliente')
#8 /var/www/framework/web/CWebApplication.php(141): CWebApplication->runController('distribuidora/a...')
#9 /var/www/framework/base/CApplication.php(180): CWebApplication->processRequest()
#10 /var/www/singular/venta/index.php(13): CApplication->run()
#11 {main}
REQUEST_URI=/singular/venta/index.php/distribuidora/ajaxCliente?nitCi=12
HTTP_REFERER=http://localhost/singular/venta/index.php/distribuidora/
---
2014/04/04 19:15:14 [error] [exception.CHttpException.404] exception 'CHttpException' with message 'The requested page does not exist.' in /var/www/singular/venta/protected/controllers/DistribuidoraController.php:119
Stack trace:
#0 /var/www/singular/venta/protected/controllers/DistribuidoraController.php(80): DistribuidoraController->verifyModel(NULL)
#1 [internal function]: DistribuidoraController->actionAjaxCliente('12')
#2 /var/www/framework/web/actions/CAction.php(108): ReflectionMethod->invokeArgs(Object(DistribuidoraController), Array)
#3 /var/www/framework/web/actions/CInlineAction.php(47): CAction->runWithParamsInternal(Object(DistribuidoraController), Object(ReflectionMethod), Array)
#4 /var/www/framework/web/CController.php(308): CInlineAction->runWithParams(Array)
#5 /var/www/framework/web/CController.php(286): CController->runAction(Object(CInlineAction))
#6 /var/www/framework/web/CController.php(265): CController->runActionWithFilters(Object(CInlineAction), Array)
#7 /var/www/framework/web/CWebApplication.php(282): CController->run('ajaxCliente')
#8 /var/www/framework/web/CWebApplication.php(141): CWebApplication->runController('distribuidora/a...')
#9 /var/www/framework/base/CApplication.php(180): CWebApplication->processRequest()
#10 /var/www/singular/venta/index.php(13): CApplication->run()
#11 {main}
REQUEST_URI=/singular/venta/index.php/distribuidora/ajaxCliente?nitCi=12
---
