2014/02/26 17:28:40 [error] [php] Trying to get property of non-object (/var/www/singularweb/admin/protected/views/layouts/main.php:33)
Stack trace:
#0 /var/www/framework/web/widgets/CContentDecorator.php(76): SiteController->renderFile()
#1 /var/www/framework/web/widgets/CContentDecorator.php(54): CContentDecorator->decorate()
#2 /var/www/framework/web/widgets/COutputProcessor.php(44): CContentDecorator->processOutput()
#3 /var/www/framework/web/CBaseController.php(206): CContentDecorator->run()
#4 /var/www/framework/web/CBaseController.php(300): SiteController->endWidget()
#5 /var/www/singularweb/admin/protected/views/layouts/column1.php(9): SiteController->endContent()
#6 /var/www/framework/web/CBaseController.php(126): require()
#7 /var/www/framework/web/CBaseController.php(95): SiteController->renderInternal()
#8 /var/www/framework/web/CController.php(784): SiteController->renderFile()
#9 /var/www/singularweb/admin/protected/controllers/SiteController.php(32): SiteController->render()
#10 /var/www/framework/web/actions/CInlineAction.php(49): SiteController->actionIndex()
#11 /var/www/framework/web/CController.php(308): CInlineAction->runWithParams()
#12 /var/www/framework/web/CController.php(286): SiteController->runAction()
#13 /var/www/framework/web/CController.php(265): SiteController->runActionWithFilters()
#14 /var/www/framework/web/CWebApplication.php(282): SiteController->run()
#15 /var/www/framework/web/CWebApplication.php(141): CWebApplication->runController()
#16 /var/www/framework/base/CApplication.php(180): CWebApplication->processRequest()
#17 /var/www/singularweb/admin/index.php(13): CWebApplication->run()
REQUEST_URI=/singularweb/admin/
in /var/www/singularweb/admin/protected/views/layouts/main.php (33)
in /var/www/singularweb/admin/protected/views/layouts/column1.php (9)
in /var/www/singularweb/admin/protected/controllers/SiteController.php (32)
2014/02/26 17:29:28 [error] [php] Trying to get property of non-object (/var/www/singularweb/admin/protected/views/layouts/main.php:33)
Stack trace:
#0 /var/www/framework/web/widgets/CContentDecorator.php(76): SiteController->renderFile()
#1 /var/www/framework/web/widgets/CContentDecorator.php(54): CContentDecorator->decorate()
#2 /var/www/framework/web/widgets/COutputProcessor.php(44): CContentDecorator->processOutput()
#3 /var/www/framework/web/CBaseController.php(206): CContentDecorator->run()
#4 /var/www/framework/web/CBaseController.php(300): SiteController->endWidget()
#5 /var/www/singularweb/admin/protected/views/layouts/column1.php(9): SiteController->endContent()
#6 /var/www/framework/web/CBaseController.php(126): require()
#7 /var/www/framework/web/CBaseController.php(95): SiteController->renderInternal()
#8 /var/www/framework/web/CController.php(784): SiteController->renderFile()
#9 /var/www/singularweb/admin/protected/controllers/SiteController.php(32): SiteController->render()
#10 /var/www/framework/web/actions/CInlineAction.php(49): SiteController->actionIndex()
#11 /var/www/framework/web/CController.php(308): CInlineAction->runWithParams()
#12 /var/www/framework/web/CController.php(286): SiteController->runAction()
#13 /var/www/framework/web/CController.php(265): SiteController->runActionWithFilters()
#14 /var/www/framework/web/CWebApplication.php(282): SiteController->run()
#15 /var/www/framework/web/CWebApplication.php(141): CWebApplication->runController()
#16 /var/www/framework/base/CApplication.php(180): CWebApplication->processRequest()
#17 /var/www/singularweb/admin/index.php(13): CWebApplication->run()
REQUEST_URI=/singularweb/admin/
in /var/www/singularweb/admin/protected/views/layouts/main.php (33)
in /var/www/singularweb/admin/protected/views/layouts/column1.php (9)
in /var/www/singularweb/admin/protected/controllers/SiteController.php (32)
2014/02/26 17:29:29 [error] [php] Trying to get property of non-object (/var/www/singularweb/admin/protected/views/layouts/main.php:33)
Stack trace:
#0 /var/www/framework/web/widgets/CContentDecorator.php(76): SiteController->renderFile()
#1 /var/www/framework/web/widgets/CContentDecorator.php(54): CContentDecorator->decorate()
#2 /var/www/framework/web/widgets/COutputProcessor.php(44): CContentDecorator->processOutput()
#3 /var/www/framework/web/CBaseController.php(206): CContentDecorator->run()
#4 /var/www/framework/web/CBaseController.php(300): SiteController->endWidget()
#5 /var/www/singularweb/admin/protected/views/layouts/column1.php(9): SiteController->endContent()
#6 /var/www/framework/web/CBaseController.php(126): require()
#7 /var/www/framework/web/CBaseController.php(95): SiteController->renderInternal()
#8 /var/www/framework/web/CController.php(784): SiteController->renderFile()
#9 /var/www/singularweb/admin/protected/controllers/SiteController.php(32): SiteController->render()
#10 /var/www/framework/web/actions/CInlineAction.php(49): SiteController->actionIndex()
#11 /var/www/framework/web/CController.php(308): CInlineAction->runWithParams()
#12 /var/www/framework/web/CController.php(286): SiteController->runAction()
#13 /var/www/framework/web/CController.php(265): SiteController->runActionWithFilters()
#14 /var/www/framework/web/CWebApplication.php(282): SiteController->run()
#15 /var/www/framework/web/CWebApplication.php(141): CWebApplication->runController()
#16 /var/www/framework/base/CApplication.php(180): CWebApplication->processRequest()
#17 /var/www/singularweb/admin/index.php(13): CWebApplication->run()
REQUEST_URI=/singularweb/admin/
in /var/www/singularweb/admin/protected/views/layouts/main.php (33)
in /var/www/singularweb/admin/protected/views/layouts/column1.php (9)
in /var/www/singularweb/admin/protected/controllers/SiteController.php (32)
2014/02/26 17:29:30 [error] [php] Trying to get property of non-object (/var/www/singularweb/admin/protected/views/layouts/main.php:33)
Stack trace:
#0 /var/www/framework/web/widgets/CContentDecorator.php(76): SiteController->renderFile()
#1 /var/www/framework/web/widgets/CContentDecorator.php(54): CContentDecorator->decorate()
#2 /var/www/framework/web/widgets/COutputProcessor.php(44): CContentDecorator->processOutput()
#3 /var/www/framework/web/CBaseController.php(206): CContentDecorator->run()
#4 /var/www/framework/web/CBaseController.php(300): SiteController->endWidget()
#5 /var/www/singularweb/admin/protected/views/layouts/column1.php(9): SiteController->endContent()
#6 /var/www/framework/web/CBaseController.php(126): require()
#7 /var/www/framework/web/CBaseController.php(95): SiteController->renderInternal()
#8 /var/www/framework/web/CController.php(784): SiteController->renderFile()
#9 /var/www/singularweb/admin/protected/controllers/SiteController.php(32): SiteController->render()
#10 /var/www/framework/web/actions/CInlineAction.php(49): SiteController->actionIndex()
#11 /var/www/framework/web/CController.php(308): CInlineAction->runWithParams()
#12 /var/www/framework/web/CController.php(286): SiteController->runAction()
#13 /var/www/framework/web/CController.php(265): SiteController->runActionWithFilters()
#14 /var/www/framework/web/CWebApplication.php(282): SiteController->run()
#15 /var/www/framework/web/CWebApplication.php(141): CWebApplication->runController()
#16 /var/www/framework/base/CApplication.php(180): CWebApplication->processRequest()
#17 /var/www/singularweb/admin/index.php(13): CWebApplication->run()
REQUEST_URI=/singularweb/admin/
in /var/www/singularweb/admin/protected/views/layouts/main.php (33)
in /var/www/singularweb/admin/protected/views/layouts/column1.php (9)
in /var/www/singularweb/admin/protected/controllers/SiteController.php (32)
2014/02/26 17:30:07 [error] [php] Trying to get property of non-object (/var/www/singularweb/admin/protected/views/layouts/main.php:33)
Stack trace:
#0 /var/www/framework/web/widgets/CContentDecorator.php(76): SiteController->renderFile()
#1 /var/www/framework/web/widgets/CContentDecorator.php(54): CContentDecorator->decorate()
#2 /var/www/framework/web/widgets/COutputProcessor.php(44): CContentDecorator->processOutput()
#3 /var/www/framework/web/CBaseController.php(206): CContentDecorator->run()
#4 /var/www/framework/web/CBaseController.php(300): SiteController->endWidget()
#5 /var/www/singularweb/admin/protected/views/layouts/column1.php(9): SiteController->endContent()
#6 /var/www/framework/web/CBaseController.php(126): require()
#7 /var/www/framework/web/CBaseController.php(95): SiteController->renderInternal()
#8 /var/www/framework/web/CController.php(784): SiteController->renderFile()
#9 /var/www/singularweb/admin/protected/controllers/SiteController.php(32): SiteController->render()
#10 /var/www/framework/web/actions/CInlineAction.php(49): SiteController->actionIndex()
#11 /var/www/framework/web/CController.php(308): CInlineAction->runWithParams()
#12 /var/www/framework/web/CController.php(286): SiteController->runAction()
#13 /var/www/framework/web/CController.php(265): SiteController->runActionWithFilters()
#14 /var/www/framework/web/CWebApplication.php(282): SiteController->run()
#15 /var/www/framework/web/CWebApplication.php(141): CWebApplication->runController()
#16 /var/www/framework/base/CApplication.php(180): CWebApplication->processRequest()
#17 /var/www/singularweb/admin/index.php(13): CWebApplication->run()
REQUEST_URI=/singularweb/admin/
in /var/www/singularweb/admin/protected/views/layouts/main.php (33)
in /var/www/singularweb/admin/protected/views/layouts/column1.php (9)
in /var/www/singularweb/admin/protected/controllers/SiteController.php (32)
2014/02/26 17:30:08 [error] [php] Trying to get property of non-object (/var/www/singularweb/admin/protected/views/layouts/main.php:33)
Stack trace:
#0 /var/www/framework/web/widgets/CContentDecorator.php(76): SiteController->renderFile()
#1 /var/www/framework/web/widgets/CContentDecorator.php(54): CContentDecorator->decorate()
#2 /var/www/framework/web/widgets/COutputProcessor.php(44): CContentDecorator->processOutput()
#3 /var/www/framework/web/CBaseController.php(206): CContentDecorator->run()
#4 /var/www/framework/web/CBaseController.php(300): SiteController->endWidget()
#5 /var/www/singularweb/admin/protected/views/layouts/column1.php(9): SiteController->endContent()
#6 /var/www/framework/web/CBaseController.php(126): require()
#7 /var/www/framework/web/CBaseController.php(95): SiteController->renderInternal()
#8 /var/www/framework/web/CController.php(784): SiteController->renderFile()
#9 /var/www/singularweb/admin/protected/controllers/SiteController.php(32): SiteController->render()
#10 /var/www/framework/web/actions/CInlineAction.php(49): SiteController->actionIndex()
#11 /var/www/framework/web/CController.php(308): CInlineAction->runWithParams()
#12 /var/www/framework/web/CController.php(286): SiteController->runAction()
#13 /var/www/framework/web/CController.php(265): SiteController->runActionWithFilters()
#14 /var/www/framework/web/CWebApplication.php(282): SiteController->run()
#15 /var/www/framework/web/CWebApplication.php(141): CWebApplication->runController()
#16 /var/www/framework/base/CApplication.php(180): CWebApplication->processRequest()
#17 /var/www/singularweb/admin/index.php(13): CWebApplication->run()
REQUEST_URI=/singularweb/admin/
in /var/www/singularweb/admin/protected/views/layouts/main.php (33)
in /var/www/singularweb/admin/protected/views/layouts/column1.php (9)
in /var/www/singularweb/admin/protected/controllers/SiteController.php (32)
2014/02/26 17:30:34 [error] [php] Trying to get property of non-object (/var/www/singularweb/admin/protected/views/layouts/main.php:5)
Stack trace:
#0 /var/www/framework/web/widgets/CContentDecorator.php(76): SiteController->renderFile()
#1 /var/www/framework/web/widgets/CContentDecorator.php(54): CContentDecorator->decorate()
#2 /var/www/framework/web/widgets/COutputProcessor.php(44): CContentDecorator->processOutput()
#3 /var/www/framework/web/CBaseController.php(206): CContentDecorator->run()
#4 /var/www/framework/web/CBaseController.php(300): SiteController->endWidget()
#5 /var/www/singularweb/admin/protected/views/layouts/column1.php(9): SiteController->endContent()
#6 /var/www/framework/web/CBaseController.php(126): require()
#7 /var/www/framework/web/CBaseController.php(95): SiteController->renderInternal()
#8 /var/www/framework/web/CController.php(784): SiteController->renderFile()
#9 /var/www/singularweb/admin/protected/controllers/SiteController.php(32): SiteController->render()
#10 /var/www/framework/web/actions/CInlineAction.php(49): SiteController->actionIndex()
#11 /var/www/framework/web/CController.php(308): CInlineAction->runWithParams()
#12 /var/www/framework/web/CController.php(286): SiteController->runAction()
#13 /var/www/framework/web/CController.php(265): SiteController->runActionWithFilters()
#14 /var/www/framework/web/CWebApplication.php(282): SiteController->run()
#15 /var/www/framework/web/CWebApplication.php(141): CWebApplication->runController()
#16 /var/www/framework/base/CApplication.php(180): CWebApplication->processRequest()
#17 /var/www/singularweb/admin/index.php(13): CWebApplication->run()
REQUEST_URI=/singularweb/admin/
in /var/www/singularweb/admin/protected/views/layouts/main.php (5)
in /var/www/singularweb/admin/protected/views/layouts/column1.php (9)
in /var/www/singularweb/admin/protected/controllers/SiteController.php (32)
2014/02/26 17:30:35 [error] [php] Trying to get property of non-object (/var/www/singularweb/admin/protected/views/layouts/main.php:5)
Stack trace:
#0 /var/www/framework/web/widgets/CContentDecorator.php(76): SiteController->renderFile()
#1 /var/www/framework/web/widgets/CContentDecorator.php(54): CContentDecorator->decorate()
#2 /var/www/framework/web/widgets/COutputProcessor.php(44): CContentDecorator->processOutput()
#3 /var/www/framework/web/CBaseController.php(206): CContentDecorator->run()
#4 /var/www/framework/web/CBaseController.php(300): SiteController->endWidget()
#5 /var/www/singularweb/admin/protected/views/layouts/column1.php(9): SiteController->endContent()
#6 /var/www/framework/web/CBaseController.php(126): require()
#7 /var/www/framework/web/CBaseController.php(95): SiteController->renderInternal()
#8 /var/www/framework/web/CController.php(784): SiteController->renderFile()
#9 /var/www/singularweb/admin/protected/controllers/SiteController.php(32): SiteController->render()
#10 /var/www/framework/web/actions/CInlineAction.php(49): SiteController->actionIndex()
#11 /var/www/framework/web/CController.php(308): CInlineAction->runWithParams()
#12 /var/www/framework/web/CController.php(286): SiteController->runAction()
#13 /var/www/framework/web/CController.php(265): SiteController->runActionWithFilters()
#14 /var/www/framework/web/CWebApplication.php(282): SiteController->run()
#15 /var/www/framework/web/CWebApplication.php(141): CWebApplication->runController()
#16 /var/www/framework/base/CApplication.php(180): CWebApplication->processRequest()
#17 /var/www/singularweb/admin/index.php(13): CWebApplication->run()
REQUEST_URI=/singularweb/admin/
in /var/www/singularweb/admin/protected/views/layouts/main.php (5)
in /var/www/singularweb/admin/protected/views/layouts/column1.php (9)
in /var/www/singularweb/admin/protected/controllers/SiteController.php (32)
2014/02/26 17:32:56 [error] [php] Trying to get property of non-object (/var/www/singularweb/admin/protected/views/layouts/main.php:33)
Stack trace:
#0 /var/www/framework/web/widgets/CContentDecorator.php(76): SiteController->renderFile()
#1 /var/www/framework/web/widgets/CContentDecorator.php(54): CContentDecorator->decorate()
#2 /var/www/framework/web/widgets/COutputProcessor.php(44): CContentDecorator->processOutput()
#3 /var/www/framework/web/CBaseController.php(206): CContentDecorator->run()
#4 /var/www/framework/web/CBaseController.php(300): SiteController->endWidget()
#5 /var/www/singularweb/admin/protected/views/layouts/column1.php(9): SiteController->endContent()
#6 /var/www/framework/web/CBaseController.php(126): require()
#7 /var/www/framework/web/CBaseController.php(95): SiteController->renderInternal()
#8 /var/www/framework/web/CController.php(784): SiteController->renderFile()
#9 /var/www/singularweb/admin/protected/controllers/SiteController.php(32): SiteController->render()
#10 /var/www/framework/web/actions/CInlineAction.php(49): SiteController->actionIndex()
#11 /var/www/framework/web/CController.php(308): CInlineAction->runWithParams()
#12 /var/www/framework/web/CController.php(286): SiteController->runAction()
#13 /var/www/framework/web/CController.php(265): SiteController->runActionWithFilters()
#14 /var/www/framework/web/CWebApplication.php(282): SiteController->run()
#15 /var/www/framework/web/CWebApplication.php(141): CWebApplication->runController()
#16 /var/www/framework/base/CApplication.php(180): CWebApplication->processRequest()
#17 /var/www/singularweb/admin/index.php(13): CWebApplication->run()
REQUEST_URI=/singularweb/admin/
in /var/www/singularweb/admin/protected/views/layouts/main.php (33)
in /var/www/singularweb/admin/protected/views/layouts/column1.php (9)
in /var/www/singularweb/admin/protected/controllers/SiteController.php (32)
2014/02/26 17:32:58 [error] [php] Trying to get property of non-object (/var/www/singularweb/admin/protected/views/layouts/main.php:33)
Stack trace:
#0 /var/www/framework/web/widgets/CContentDecorator.php(76): SiteController->renderFile()
#1 /var/www/framework/web/widgets/CContentDecorator.php(54): CContentDecorator->decorate()
#2 /var/www/framework/web/widgets/COutputProcessor.php(44): CContentDecorator->processOutput()
#3 /var/www/framework/web/CBaseController.php(206): CContentDecorator->run()
#4 /var/www/framework/web/CBaseController.php(300): SiteController->endWidget()
#5 /var/www/singularweb/admin/protected/views/layouts/column1.php(9): SiteController->endContent()
#6 /var/www/framework/web/CBaseController.php(126): require()
#7 /var/www/framework/web/CBaseController.php(95): SiteController->renderInternal()
#8 /var/www/framework/web/CController.php(784): SiteController->renderFile()
#9 /var/www/singularweb/admin/protected/controllers/SiteController.php(32): SiteController->render()
#10 /var/www/framework/web/actions/CInlineAction.php(49): SiteController->actionIndex()
#11 /var/www/framework/web/CController.php(308): CInlineAction->runWithParams()
#12 /var/www/framework/web/CController.php(286): SiteController->runAction()
#13 /var/www/framework/web/CController.php(265): SiteController->runActionWithFilters()
#14 /var/www/framework/web/CWebApplication.php(282): SiteController->run()
#15 /var/www/framework/web/CWebApplication.php(141): CWebApplication->runController()
#16 /var/www/framework/base/CApplication.php(180): CWebApplication->processRequest()
#17 /var/www/singularweb/admin/index.php(13): CWebApplication->run()
REQUEST_URI=/singularweb/admin/
in /var/www/singularweb/admin/protected/views/layouts/main.php (33)
in /var/www/singularweb/admin/protected/views/layouts/column1.php (9)
in /var/www/singularweb/admin/protected/controllers/SiteController.php (32)
2014/02/26 17:43:05 [error] [php] Trying to get property of non-object (/var/www/singularweb/admin/protected/views/site/index.php:5)
Stack trace:
#0 /var/www/framework/web/CController.php(869): SiteController->renderFile()
#1 /var/www/framework/web/CController.php(782): SiteController->renderPartial()
#2 /var/www/singularweb/admin/protected/controllers/SiteController.php(32): SiteController->render()
#3 /var/www/framework/web/actions/CInlineAction.php(49): SiteController->actionIndex()
#4 /var/www/framework/web/CController.php(308): CInlineAction->runWithParams()
#5 /var/www/framework/web/CController.php(286): SiteController->runAction()
#6 /var/www/framework/web/CController.php(265): SiteController->runActionWithFilters()
#7 /var/www/framework/web/CWebApplication.php(282): SiteController->run()
#8 /var/www/framework/web/CWebApplication.php(141): CWebApplication->runController()
#9 /var/www/framework/base/CApplication.php(180): CWebApplication->processRequest()
#10 /var/www/singularweb/admin/index.php(13): CWebApplication->run()
REQUEST_URI=/singularweb/admin/
in /var/www/singularweb/admin/protected/views/site/index.php (5)
in /var/www/singularweb/admin/protected/controllers/SiteController.php (32)
in /var/www/singularweb/admin/index.php (13)
2014/02/26 17:44:54 [error] [php] Trying to get property of non-object (/var/www/singularweb/admin/protected/views/layouts/main.php:17)
Stack trace:
#0 /var/www/framework/web/widgets/CContentDecorator.php(76): SiteController->renderFile()
#1 /var/www/framework/web/widgets/CContentDecorator.php(54): CContentDecorator->decorate()
#2 /var/www/framework/web/widgets/COutputProcessor.php(44): CContentDecorator->processOutput()
#3 /var/www/framework/web/CBaseController.php(206): CContentDecorator->run()
#4 /var/www/framework/web/CBaseController.php(300): SiteController->endWidget()
#5 /var/www/singularweb/admin/protected/views/layouts/column1.php(14): SiteController->endContent()
#6 /var/www/framework/web/CBaseController.php(126): require()
#7 /var/www/framework/web/CBaseController.php(95): SiteController->renderInternal()
#8 /var/www/framework/web/CController.php(784): SiteController->renderFile()
#9 /var/www/singularweb/admin/protected/controllers/SiteController.php(32): SiteController->render()
#10 /var/www/framework/web/actions/CInlineAction.php(49): SiteController->actionIndex()
#11 /var/www/framework/web/CController.php(308): CInlineAction->runWithParams()
#12 /var/www/framework/web/CController.php(286): SiteController->runAction()
#13 /var/www/framework/web/CController.php(265): SiteController->runActionWithFilters()
#14 /var/www/framework/web/CWebApplication.php(282): SiteController->run()
#15 /var/www/framework/web/CWebApplication.php(141): CWebApplication->runController()
#16 /var/www/framework/base/CApplication.php(180): CWebApplication->processRequest()
#17 /var/www/singularweb/admin/index.php(13): CWebApplication->run()
REQUEST_URI=/singularweb/admin/
in /var/www/singularweb/admin/protected/views/layouts/main.php (17)
in /var/www/singularweb/admin/protected/views/layouts/column1.php (14)
in /var/www/singularweb/admin/protected/controllers/SiteController.php (32)
2014/02/26 18:07:55 [error] [php] Trying to get property of non-object (/var/www/singularweb/admin/protected/views/layouts/main.php:33)
Stack trace:
#0 /var/www/framework/web/widgets/CContentDecorator.php(76): SiteController->renderFile()
#1 /var/www/framework/web/widgets/CContentDecorator.php(54): CContentDecorator->decorate()
#2 /var/www/framework/web/widgets/COutputProcessor.php(44): CContentDecorator->processOutput()
#3 /var/www/framework/web/CBaseController.php(206): CContentDecorator->run()
#4 /var/www/framework/web/CBaseController.php(300): SiteController->endWidget()
#5 /var/www/singularweb/admin/protected/views/layouts/column1.php(9): SiteController->endContent()
#6 /var/www/framework/web/CBaseController.php(126): require()
#7 /var/www/framework/web/CBaseController.php(95): SiteController->renderInternal()
#8 /var/www/framework/web/CController.php(784): SiteController->renderFile()
#9 /var/www/singularweb/admin/protected/controllers/SiteController.php(32): SiteController->render()
#10 /var/www/framework/web/actions/CInlineAction.php(49): SiteController->actionIndex()
#11 /var/www/framework/web/CController.php(308): CInlineAction->runWithParams()
#12 /var/www/framework/web/CController.php(286): SiteController->runAction()
#13 /var/www/framework/web/CController.php(265): SiteController->runActionWithFilters()
#14 /var/www/framework/web/CWebApplication.php(282): SiteController->run()
#15 /var/www/framework/web/CWebApplication.php(141): CWebApplication->runController()
#16 /var/www/framework/base/CApplication.php(180): CWebApplication->processRequest()
#17 /var/www/singularweb/admin/index.php(13): CWebApplication->run()
REQUEST_URI=/singularweb/admin/index.php/site/index
in /var/www/singularweb/admin/protected/views/layouts/main.php (33)
in /var/www/singularweb/admin/protected/views/layouts/column1.php (9)
in /var/www/singularweb/admin/protected/controllers/SiteController.php (32)
2014/02/27 18:28:06 [error] [exception.CHttpException.404] exception 'CHttpException' with message 'Unable to resolve the request "webapage/pages".' in /var/www/framework/web/CWebApplication.php:286
Stack trace:
#0 /var/www/framework/web/CWebApplication.php(141): CWebApplication->runController('webapage/pages')
#1 /var/www/framework/base/CApplication.php(180): CWebApplication->processRequest()
#2 /var/www/singular/admin/index.php(13): CApplication->run()
#3 {main}
REQUEST_URI=/singular/admin/index.php/webapage/pages
HTTP_REFERER=http://localhost/singular/admin/index.php/site/
---
2014/02/27 18:28:19 [error] [exception.CHttpException.404] exception 'CHttpException' with message 'Unable to resolve the request "webapage/pages".' in /var/www/framework/web/CWebApplication.php:286
Stack trace:
#0 /var/www/framework/web/CWebApplication.php(141): CWebApplication->runController('webapage/pages')
#1 /var/www/framework/base/CApplication.php(180): CWebApplication->processRequest()
#2 /var/www/singular/admin/index.php(13): CApplication->run()
#3 {main}
REQUEST_URI=/singular/admin/index.php/webapage/pages
HTTP_REFERER=http://localhost/singular/admin/index.php/site/
---
2014/02/27 18:28:22 [error] [php] Array to string conversion (/var/www/framework/web/helpers/CHtml.php:2181)
Stack trace:
#0 /var/www/framework/web/widgets/CActiveForm.php(597): activeLabelEx()
#1 /var/www/singular/admin/protected/views/webpage/pages.php(23): CActiveForm->labelEx()
#2 /var/www/framework/web/CBaseController.php(126): require()
#3 /var/www/framework/web/CBaseController.php(95): WebpageController->renderInternal()
#4 /var/www/framework/web/CController.php(869): WebpageController->renderFile()
#5 /var/www/framework/web/CController.php(782): WebpageController->renderPartial()
#6 /var/www/singular/admin/protected/controllers/WebpageController.php(13): WebpageController->render()
#7 /var/www/framework/web/actions/CInlineAction.php(49): WebpageController->actionPages()
#8 /var/www/framework/web/CController.php(308): CInlineAction->runWithParams()
#9 /var/www/framework/web/CController.php(286): WebpageController->runAction()
#10 /var/www/framework/web/CController.php(265): WebpageController->runActionWithFilters()
#11 /var/www/framework/web/CWebApplication.php(282): WebpageController->run()
#12 /var/www/framework/web/CWebApplication.php(141): CWebApplication->runController()
#13 /var/www/framework/base/CApplication.php(180): CWebApplication->processRequest()
#14 /var/www/singular/admin/index.php(13): CWebApplication->run()
REQUEST_URI=/singular/admin/index.php/webpage/pages
in /var/www/singular/admin/protected/views/webpage/pages.php (23)
in /var/www/singular/admin/protected/controllers/WebpageController.php (13)
in /var/www/singular/admin/index.php (13)
2014/02/27 18:28:47 [error] [php] Array to string conversion (/var/www/framework/web/helpers/CHtml.php:2181)
Stack trace:
#0 /var/www/framework/web/widgets/CActiveForm.php(597): activeLabelEx()
#1 /var/www/singular/admin/protected/views/webpage/pages.php(23): CActiveForm->labelEx()
#2 /var/www/framework/web/CBaseController.php(126): require()
#3 /var/www/framework/web/CBaseController.php(95): WebpageController->renderInternal()
#4 /var/www/framework/web/CController.php(869): WebpageController->renderFile()
#5 /var/www/framework/web/CController.php(782): WebpageController->renderPartial()
#6 /var/www/singular/admin/protected/controllers/WebpageController.php(13): WebpageController->render()
#7 /var/www/framework/web/actions/CInlineAction.php(49): WebpageController->actionPages()
#8 /var/www/framework/web/CController.php(308): CInlineAction->runWithParams()
#9 /var/www/framework/web/CController.php(286): WebpageController->runAction()
#10 /var/www/framework/web/CController.php(265): WebpageController->runActionWithFilters()
#11 /var/www/framework/web/CWebApplication.php(282): WebpageController->run()
#12 /var/www/framework/web/CWebApplication.php(141): CWebApplication->runController()
#13 /var/www/framework/base/CApplication.php(180): CWebApplication->processRequest()
#14 /var/www/singular/admin/index.php(13): CWebApplication->run()
REQUEST_URI=/singular/admin/index.php/webpage/pages
in /var/www/singular/admin/protected/views/webpage/pages.php (23)
in /var/www/singular/admin/protected/controllers/WebpageController.php (13)
in /var/www/singular/admin/index.php (13)
2014/02/27 18:28:48 [error] [php] Array to string conversion (/var/www/framework/web/helpers/CHtml.php:2181)
Stack trace:
#0 /var/www/framework/web/widgets/CActiveForm.php(597): activeLabelEx()
#1 /var/www/singular/admin/protected/views/webpage/pages.php(23): CActiveForm->labelEx()
#2 /var/www/framework/web/CBaseController.php(126): require()
#3 /var/www/framework/web/CBaseController.php(95): WebpageController->renderInternal()
#4 /var/www/framework/web/CController.php(869): WebpageController->renderFile()
#5 /var/www/framework/web/CController.php(782): WebpageController->renderPartial()
#6 /var/www/singular/admin/protected/controllers/WebpageController.php(13): WebpageController->render()
#7 /var/www/framework/web/actions/CInlineAction.php(49): WebpageController->actionPages()
#8 /var/www/framework/web/CController.php(308): CInlineAction->runWithParams()
#9 /var/www/framework/web/CController.php(286): WebpageController->runAction()
#10 /var/www/framework/web/CController.php(265): WebpageController->runActionWithFilters()
#11 /var/www/framework/web/CWebApplication.php(282): WebpageController->run()
#12 /var/www/framework/web/CWebApplication.php(141): CWebApplication->runController()
#13 /var/www/framework/base/CApplication.php(180): CWebApplication->processRequest()
#14 /var/www/singular/admin/index.php(13): CWebApplication->run()
REQUEST_URI=/singular/admin/index.php/webpage/pages
in /var/www/singular/admin/protected/views/webpage/pages.php (23)
in /var/www/singular/admin/protected/controllers/WebpageController.php (13)
in /var/www/singular/admin/index.php (13)
2014/02/27 18:29:44 [error] [php] Array to string conversion (/var/www/framework/web/helpers/CHtml.php:2181)
Stack trace:
#0 /var/www/framework/web/widgets/CActiveForm.php(597): activeLabelEx()
#1 /var/www/singular/admin/protected/views/webpage/pages.php(23): CActiveForm->labelEx()
#2 /var/www/framework/web/CBaseController.php(126): require()
#3 /var/www/framework/web/CBaseController.php(95): WebpageController->renderInternal()
#4 /var/www/framework/web/CController.php(869): WebpageController->renderFile()
#5 /var/www/framework/web/CController.php(782): WebpageController->renderPartial()
#6 /var/www/singular/admin/protected/controllers/WebpageController.php(13): WebpageController->render()
#7 /var/www/framework/web/actions/CInlineAction.php(49): WebpageController->actionPages()
#8 /var/www/framework/web/CController.php(308): CInlineAction->runWithParams()
#9 /var/www/framework/web/CController.php(286): WebpageController->runAction()
#10 /var/www/framework/web/CController.php(265): WebpageController->runActionWithFilters()
#11 /var/www/framework/web/CWebApplication.php(282): WebpageController->run()
#12 /var/www/framework/web/CWebApplication.php(141): CWebApplication->runController()
#13 /var/www/framework/base/CApplication.php(180): CWebApplication->processRequest()
#14 /var/www/singular/admin/index.php(13): CWebApplication->run()
REQUEST_URI=/singular/admin/index.php/webpage/pages
in /var/www/singular/admin/protected/views/webpage/pages.php (23)
in /var/www/singular/admin/protected/controllers/WebpageController.php (13)
in /var/www/singular/admin/index.php (13)
2014/02/27 18:29:45 [error] [php] Array to string conversion (/var/www/framework/web/helpers/CHtml.php:2181)
Stack trace:
#0 /var/www/framework/web/widgets/CActiveForm.php(597): activeLabelEx()
#1 /var/www/singular/admin/protected/views/webpage/pages.php(23): CActiveForm->labelEx()
#2 /var/www/framework/web/CBaseController.php(126): require()
#3 /var/www/framework/web/CBaseController.php(95): WebpageController->renderInternal()
#4 /var/www/framework/web/CController.php(869): WebpageController->renderFile()
#5 /var/www/framework/web/CController.php(782): WebpageController->renderPartial()
#6 /var/www/singular/admin/protected/controllers/WebpageController.php(13): WebpageController->render()
#7 /var/www/framework/web/actions/CInlineAction.php(49): WebpageController->actionPages()
#8 /var/www/framework/web/CController.php(308): CInlineAction->runWithParams()
#9 /var/www/framework/web/CController.php(286): WebpageController->runAction()
#10 /var/www/framework/web/CController.php(265): WebpageController->runActionWithFilters()
#11 /var/www/framework/web/CWebApplication.php(282): WebpageController->run()
#12 /var/www/framework/web/CWebApplication.php(141): CWebApplication->runController()
#13 /var/www/framework/base/CApplication.php(180): CWebApplication->processRequest()
#14 /var/www/singular/admin/index.php(13): CWebApplication->run()
REQUEST_URI=/singular/admin/index.php/webpage/pages
in /var/www/singular/admin/protected/views/webpage/pages.php (23)
in /var/www/singular/admin/protected/controllers/WebpageController.php (13)
in /var/www/singular/admin/index.php (13)
2014/02/27 18:29:46 [error] [php] Array to string conversion (/var/www/framework/web/helpers/CHtml.php:2181)
Stack trace:
#0 /var/www/framework/web/widgets/CActiveForm.php(597): activeLabelEx()
#1 /var/www/singular/admin/protected/views/webpage/pages.php(23): CActiveForm->labelEx()
#2 /var/www/framework/web/CBaseController.php(126): require()
#3 /var/www/framework/web/CBaseController.php(95): WebpageController->renderInternal()
#4 /var/www/framework/web/CController.php(869): WebpageController->renderFile()
#5 /var/www/framework/web/CController.php(782): WebpageController->renderPartial()
#6 /var/www/singular/admin/protected/controllers/WebpageController.php(13): WebpageController->render()
#7 /var/www/framework/web/actions/CInlineAction.php(49): WebpageController->actionPages()
#8 /var/www/framework/web/CController.php(308): CInlineAction->runWithParams()
#9 /var/www/framework/web/CController.php(286): WebpageController->runAction()
#10 /var/www/framework/web/CController.php(265): WebpageController->runActionWithFilters()
#11 /var/www/framework/web/CWebApplication.php(282): WebpageController->run()
#12 /var/www/framework/web/CWebApplication.php(141): CWebApplication->runController()
#13 /var/www/framework/base/CApplication.php(180): CWebApplication->processRequest()
#14 /var/www/singular/admin/index.php(13): CWebApplication->run()
REQUEST_URI=/singular/admin/index.php/webpage/pages
in /var/www/singular/admin/protected/views/webpage/pages.php (23)
in /var/www/singular/admin/protected/controllers/WebpageController.php (13)
in /var/www/singular/admin/index.php (13)
